2024-11-30 18:58:56.092 +02:00 [INF] Default Quartz.NET properties loaded from embedded resource file
2024-11-30 18:58:56.141 +02:00 [INF] Initialized Scheduler Signaller of type: Quartz.Core.SchedulerSignalerImpl
2024-11-30 18:58:56.142 +02:00 [INF] Quartz Scheduler created
2024-11-30 18:58:56.147 +02:00 [INF] RAMJobStore initialized.
2024-11-30 18:58:56.148 +02:00 [INF] Quartz Scheduler 3.13.1.0 - 'DefaultQuartzScheduler' with instanceId 'NON_CLUSTERED' initialized
2024-11-30 18:58:56.149 +02:00 [INF] Using thread pool 'Quartz.Simpl.DefaultThreadPool', size: 10
2024-11-30 18:58:56.150 +02:00 [INF] Using job store 'Quartz.Simpl.RAMJobStore', supports persistence: False, clustered: False
2024-11-30 18:58:56.156 +02:00 [INF] Scheduler DefaultQuartzScheduler_$_NON_CLUSTERED started.
2024-11-30 18:58:56.418 +02:00 [INF] Starting URL availability check...
2024-11-30 18:58:56.794 +02:00 [INF] Get from Api: {"meta":{"last_updated_at":"2024-11-29T23:59:59Z"},"data":{"EUR":{"code":"EUR","value":0.0226756637},"GBP":{"code":"GBP","value":0.0188372028},"USD":{"code":"USD","value":0.023993377}}
2024-11-30 18:58:57.041 +02:00 [INF] Url - https://www.google.com/ | Status code OK
2024-11-30 18:59:02.796 +02:00 [INF] From Chache: {"meta":{"last_updated_at":"2024-11-29T23:59:59Z"},"data":{"EUR":{"code":"EUR","value":0.0226756637},"GBP":{"code":"GBP","value":0.0188372028},"USD":{"code":"USD","value":0.023993377}}
2024-11-30 19:01:14.325 +02:00 [INF] Default Quartz.NET properties loaded from embedded resource file
2024-11-30 19:01:14.365 +02:00 [INF] Initialized Scheduler Signaller of type: Quartz.Core.SchedulerSignalerImpl
2024-11-30 19:01:14.366 +02:00 [INF] Quartz Scheduler created
2024-11-30 19:01:14.369 +02:00 [INF] RAMJobStore initialized.
2024-11-30 19:01:14.370 +02:00 [INF] Quartz Scheduler 3.13.1.0 - 'DefaultQuartzScheduler' with instanceId 'NON_CLUSTERED' initialized
2024-11-30 19:01:14.371 +02:00 [INF] Using thread pool 'Quartz.Simpl.DefaultThreadPool', size: 10
2024-11-30 19:01:14.371 +02:00 [INF] Using job store 'Quartz.Simpl.RAMJobStore', supports persistence: False, clustered: False
2024-11-30 19:01:14.374 +02:00 [INF] Scheduler DefaultQuartzScheduler_$_NON_CLUSTERED started.
2024-11-30 19:01:14.529 +02:00 [INF] Starting URL availability check...
2024-11-30 19:01:14.785 +02:00 [INF] Get from Api: {"meta":{"last_updated_at":"2024-11-29T23:59:59Z"},"data":{"EUR":{"code":"EUR","value":0.0226756637},"GBP":{"code":"GBP","value":0.0188372028},"USD":{"code":"USD","value":0.023993377}}
2024-11-30 19:01:15.194 +02:00 [INF] Url - https://www.google.com/ | Status code OK
2024-11-30 19:01:20.786 +02:00 [INF] From Chache: {"meta":{"last_updated_at":"2024-11-29T23:59:59Z"},"data":{"EUR":{"code":"EUR","value":0.0226756637},"GBP":{"code":"GBP","value":0.0188372028},"USD":{"code":"USD","value":0.023993377}}
2024-11-30 19:01:26.794 +02:00 [INF] From Chache: {"meta":{"last_updated_at":"2024-11-29T23:59:59Z"},"data":{"EUR":{"code":"EUR","value":0.0226756637},"GBP":{"code":"GBP","value":0.0188372028},"USD":{"code":"USD","value":0.023993377}}
2024-11-30 19:01:32.801 +02:00 [INF] From Chache: {"meta":{"last_updated_at":"2024-11-29T23:59:59Z"},"data":{"EUR":{"code":"EUR","value":0.0226756637},"GBP":{"code":"GBP","value":0.0188372028},"USD":{"code":"USD","value":0.023993377}}
2024-11-30 19:01:38.817 +02:00 [INF] From Chache: {"meta":{"last_updated_at":"2024-11-29T23:59:59Z"},"data":{"EUR":{"code":"EUR","value":0.0226756637},"GBP":{"code":"GBP","value":0.0188372028},"USD":{"code":"USD","value":0.023993377}}
2024-11-30 19:01:44.819 +02:00 [INF] From Chache: {"meta":{"last_updated_at":"2024-11-29T23:59:59Z"},"data":{"EUR":{"code":"EUR","value":0.0226756637},"GBP":{"code":"GBP","value":0.0188372028},"USD":{"code":"USD","value":0.023993377}}
2024-11-30 19:01:50.820 +02:00 [INF] From Chache: {"meta":{"last_updated_at":"2024-11-29T23:59:59Z"},"data":{"EUR":{"code":"EUR","value":0.0226756637},"GBP":{"code":"GBP","value":0.0188372028},"USD":{"code":"USD","value":0.023993377}}
2024-11-30 19:01:56.825 +02:00 [INF] From Chache: {"meta":{"last_updated_at":"2024-11-29T23:59:59Z"},"data":{"EUR":{"code":"EUR","value":0.0226756637},"GBP":{"code":"GBP","value":0.0188372028},"USD":{"code":"USD","value":0.023993377}}
2024-11-30 19:02:02.831 +02:00 [INF] From Chache: {"meta":{"last_updated_at":"2024-11-29T23:59:59Z"},"data":{"EUR":{"code":"EUR","value":0.0226756637},"GBP":{"code":"GBP","value":0.0188372028},"USD":{"code":"USD","value":0.023993377}}
2024-11-30 19:02:08.840 +02:00 [INF] From Chache: {"meta":{"last_updated_at":"2024-11-29T23:59:59Z"},"data":{"EUR":{"code":"EUR","value":0.0226756637},"GBP":{"code":"GBP","value":0.0188372028},"USD":{"code":"USD","value":0.023993377}}
2024-11-30 19:02:14.842 +02:00 [INF] From Chache: {"meta":{"last_updated_at":"2024-11-29T23:59:59Z"},"data":{"EUR":{"code":"EUR","value":0.0226756637},"GBP":{"code":"GBP","value":0.0188372028},"USD":{"code":"USD","value":0.023993377}}
2024-11-30 19:02:15.201 +02:00 [INF] Starting URL availability check...
2024-11-30 19:02:15.637 +02:00 [INF] Url - https://www.google.com/ | Status code OK
2024-11-30 19:02:20.844 +02:00 [INF] From Chache: {"meta":{"last_updated_at":"2024-11-29T23:59:59Z"},"data":{"EUR":{"code":"EUR","value":0.0226756637},"GBP":{"code":"GBP","value":0.0188372028},"USD":{"code":"USD","value":0.023993377}}
2024-11-30 19:02:26.860 +02:00 [INF] From Chache: {"meta":{"last_updated_at":"2024-11-29T23:59:59Z"},"data":{"EUR":{"code":"EUR","value":0.0226756637},"GBP":{"code":"GBP","value":0.0188372028},"USD":{"code":"USD","value":0.023993377}}
2024-11-30 19:02:32.867 +02:00 [INF] From Chache: {"meta":{"last_updated_at":"2024-11-29T23:59:59Z"},"data":{"EUR":{"code":"EUR","value":0.0226756637},"GBP":{"code":"GBP","value":0.0188372028},"USD":{"code":"USD","value":0.023993377}}
2024-11-30 19:02:38.873 +02:00 [INF] From Chache: {"meta":{"last_updated_at":"2024-11-29T23:59:59Z"},"data":{"EUR":{"code":"EUR","value":0.0226756637},"GBP":{"code":"GBP","value":0.0188372028},"USD":{"code":"USD","value":0.023993377}}
2024-11-30 19:02:44.876 +02:00 [INF] From Chache: {"meta":{"last_updated_at":"2024-11-29T23:59:59Z"},"data":{"EUR":{"code":"EUR","value":0.0226756637},"GBP":{"code":"GBP","value":0.0188372028},"USD":{"code":"USD","value":0.023993377}}
2024-11-30 19:02:50.893 +02:00 [INF] From Chache: {"meta":{"last_updated_at":"2024-11-29T23:59:59Z"},"data":{"EUR":{"code":"EUR","value":0.0226756637},"GBP":{"code":"GBP","value":0.0188372028},"USD":{"code":"USD","value":0.023993377}}
2024-11-30 19:02:56.897 +02:00 [INF] From Chache: {"meta":{"last_updated_at":"2024-11-29T23:59:59Z"},"data":{"EUR":{"code":"EUR","value":0.0226756637},"GBP":{"code":"GBP","value":0.0188372028},"USD":{"code":"USD","value":0.023993377}}
2024-11-30 19:03:02.904 +02:00 [INF] From Chache: {"meta":{"last_updated_at":"2024-11-29T23:59:59Z"},"data":{"EUR":{"code":"EUR","value":0.0226756637},"GBP":{"code":"GBP","value":0.0188372028},"USD":{"code":"USD","value":0.023993377}}
2024-11-30 19:03:08.917 +02:00 [INF] From Chache: {"meta":{"last_updated_at":"2024-11-29T23:59:59Z"},"data":{"EUR":{"code":"EUR","value":0.0226756637},"GBP":{"code":"GBP","value":0.0188372028},"USD":{"code":"USD","value":0.023993377}}
2024-11-30 19:03:15.218 +02:00 [INF] Get from Api: {"meta":{"last_updated_at":"2024-11-29T23:59:59Z"},"data":{"EUR":{"code":"EUR","value":0.0226756637},"GBP":{"code":"GBP","value":0.0188372028},"USD":{"code":"USD","value":0.023993377}}
2024-11-30 19:03:15.651 +02:00 [INF] Starting URL availability check...
2024-11-30 19:03:16.091 +02:00 [INF] Url - https://www.google.com/ | Status code OK
2024-11-30 19:03:21.221 +02:00 [INF] From Chache: {"meta":{"last_updated_at":"2024-11-29T23:59:59Z"},"data":{"EUR":{"code":"EUR","value":0.0226756637},"GBP":{"code":"GBP","value":0.0188372028},"USD":{"code":"USD","value":0.023993377}}
2024-11-30 19:03:27.226 +02:00 [INF] From Chache: {"meta":{"last_updated_at":"2024-11-29T23:59:59Z"},"data":{"EUR":{"code":"EUR","value":0.0226756637},"GBP":{"code":"GBP","value":0.0188372028},"USD":{"code":"USD","value":0.023993377}}
2024-11-30 19:03:33.231 +02:00 [INF] From Chache: {"meta":{"last_updated_at":"2024-11-29T23:59:59Z"},"data":{"EUR":{"code":"EUR","value":0.0226756637},"GBP":{"code":"GBP","value":0.0188372028},"USD":{"code":"USD","value":0.023993377}}
2024-11-30 19:03:39.234 +02:00 [INF] From Chache: {"meta":{"last_updated_at":"2024-11-29T23:59:59Z"},"data":{"EUR":{"code":"EUR","value":0.0226756637},"GBP":{"code":"GBP","value":0.0188372028},"USD":{"code":"USD","value":0.023993377}}
2024-11-30 19:03:45.236 +02:00 [INF] From Chache: {"meta":{"last_updated_at":"2024-11-29T23:59:59Z"},"data":{"EUR":{"code":"EUR","value":0.0226756637},"GBP":{"code":"GBP","value":0.0188372028},"USD":{"code":"USD","value":0.023993377}}
2024-11-30 19:03:51.248 +02:00 [INF] From Chache: {"meta":{"last_updated_at":"2024-11-29T23:59:59Z"},"data":{"EUR":{"code":"EUR","value":0.0226756637},"GBP":{"code":"GBP","value":0.0188372028},"USD":{"code":"USD","value":0.023993377}}
2024-11-30 19:03:57.259 +02:00 [INF] From Chache: {"meta":{"last_updated_at":"2024-11-29T23:59:59Z"},"data":{"EUR":{"code":"EUR","value":0.0226756637},"GBP":{"code":"GBP","value":0.0188372028},"USD":{"code":"USD","value":0.023993377}}
2024-11-30 19:04:03.265 +02:00 [INF] From Chache: {"meta":{"last_updated_at":"2024-11-29T23:59:59Z"},"data":{"EUR":{"code":"EUR","value":0.0226756637},"GBP":{"code":"GBP","value":0.0188372028},"USD":{"code":"USD","value":0.023993377}}
2024-11-30 19:04:09.278 +02:00 [INF] From Chache: {"meta":{"last_updated_at":"2024-11-29T23:59:59Z"},"data":{"EUR":{"code":"EUR","value":0.0226756637},"GBP":{"code":"GBP","value":0.0188372028},"USD":{"code":"USD","value":0.023993377}}
2024-11-30 19:04:15.283 +02:00 [INF] From Chache: {"meta":{"last_updated_at":"2024-11-29T23:59:59Z"},"data":{"EUR":{"code":"EUR","value":0.0226756637},"GBP":{"code":"GBP","value":0.0188372028},"USD":{"code":"USD","value":0.023993377}}
2024-11-30 19:04:16.094 +02:00 [INF] Starting URL availability check...
2024-11-30 19:04:16.756 +02:00 [INF] Url - https://www.google.com/ | Status code OK
2024-11-30 19:04:21.303 +02:00 [INF] From Chache: {"meta":{"last_updated_at":"2024-11-29T23:59:59Z"},"data":{"EUR":{"code":"EUR","value":0.0226756637},"GBP":{"code":"GBP","value":0.0188372028},"USD":{"code":"USD","value":0.023993377}}
2024-11-30 19:04:27.319 +02:00 [INF] From Chache: {"meta":{"last_updated_at":"2024-11-29T23:59:59Z"},"data":{"EUR":{"code":"EUR","value":0.0226756637},"GBP":{"code":"GBP","value":0.0188372028},"USD":{"code":"USD","value":0.023993377}}
2024-11-30 19:04:33.326 +02:00 [INF] From Chache: {"meta":{"last_updated_at":"2024-11-29T23:59:59Z"},"data":{"EUR":{"code":"EUR","value":0.0226756637},"GBP":{"code":"GBP","value":0.0188372028},"USD":{"code":"USD","value":0.023993377}}
2024-11-30 19:04:39.327 +02:00 [INF] From Chache: {"meta":{"last_updated_at":"2024-11-29T23:59:59Z"},"data":{"EUR":{"code":"EUR","value":0.0226756637},"GBP":{"code":"GBP","value":0.0188372028},"USD":{"code":"USD","value":0.023993377}}
2024-11-30 19:04:45.340 +02:00 [INF] From Chache: {"meta":{"last_updated_at":"2024-11-29T23:59:59Z"},"data":{"EUR":{"code":"EUR","value":0.0226756637},"GBP":{"code":"GBP","value":0.0188372028},"USD":{"code":"USD","value":0.023993377}}
2024-11-30 19:04:51.351 +02:00 [INF] From Chache: {"meta":{"last_updated_at":"2024-11-29T23:59:59Z"},"data":{"EUR":{"code":"EUR","value":0.0226756637},"GBP":{"code":"GBP","value":0.0188372028},"USD":{"code":"USD","value":0.023993377}}
2024-11-30 19:04:57.356 +02:00 [INF] From Chache: {"meta":{"last_updated_at":"2024-11-29T23:59:59Z"},"data":{"EUR":{"code":"EUR","value":0.0226756637},"GBP":{"code":"GBP","value":0.0188372028},"USD":{"code":"USD","value":0.023993377}}
2024-11-30 19:05:03.358 +02:00 [INF] From Chache: {"meta":{"last_updated_at":"2024-11-29T23:59:59Z"},"data":{"EUR":{"code":"EUR","value":0.0226756637},"GBP":{"code":"GBP","value":0.0188372028},"USD":{"code":"USD","value":0.023993377}}
2024-11-30 19:05:09.359 +02:00 [INF] From Chache: {"meta":{"last_updated_at":"2024-11-29T23:59:59Z"},"data":{"EUR":{"code":"EUR","value":0.0226756637},"GBP":{"code":"GBP","value":0.0188372028},"USD":{"code":"USD","value":0.023993377}}
2024-11-30 19:05:15.630 +02:00 [INF] Get from Api: {"meta":{"last_updated_at":"2024-11-29T23:59:59Z"},"data":{"EUR":{"code":"EUR","value":0.0226756637},"GBP":{"code":"GBP","value":0.0188372028},"USD":{"code":"USD","value":0.023993377}}
2024-11-30 19:05:16.771 +02:00 [INF] Starting URL availability check...
2024-11-30 19:05:17.200 +02:00 [INF] Url - https://www.google.com/ | Status code OK
2024-11-30 19:05:21.633 +02:00 [INF] From Chache: {"meta":{"last_updated_at":"2024-11-29T23:59:59Z"},"data":{"EUR":{"code":"EUR","value":0.0226756637},"GBP":{"code":"GBP","value":0.0188372028},"USD":{"code":"USD","value":0.023993377}}
2024-11-30 19:05:27.636 +02:00 [INF] From Chache: {"meta":{"last_updated_at":"2024-11-29T23:59:59Z"},"data":{"EUR":{"code":"EUR","value":0.0226756637},"GBP":{"code":"GBP","value":0.0188372028},"USD":{"code":"USD","value":0.023993377}}
2024-11-30 19:05:33.649 +02:00 [INF] From Chache: {"meta":{"last_updated_at":"2024-11-29T23:59:59Z"},"data":{"EUR":{"code":"EUR","value":0.0226756637},"GBP":{"code":"GBP","value":0.0188372028},"USD":{"code":"USD","value":0.023993377}}
2024-11-30 19:05:39.661 +02:00 [INF] From Chache: {"meta":{"last_updated_at":"2024-11-29T23:59:59Z"},"data":{"EUR":{"code":"EUR","value":0.0226756637},"GBP":{"code":"GBP","value":0.0188372028},"USD":{"code":"USD","value":0.023993377}}
2024-11-30 19:05:45.663 +02:00 [INF] From Chache: {"meta":{"last_updated_at":"2024-11-29T23:59:59Z"},"data":{"EUR":{"code":"EUR","value":0.0226756637},"GBP":{"code":"GBP","value":0.0188372028},"USD":{"code":"USD","value":0.023993377}}
2024-11-30 19:05:51.673 +02:00 [INF] From Chache: {"meta":{"last_updated_at":"2024-11-29T23:59:59Z"},"data":{"EUR":{"code":"EUR","value":0.0226756637},"GBP":{"code":"GBP","value":0.0188372028},"USD":{"code":"USD","value":0.023993377}}
2024-11-30 19:05:57.687 +02:00 [INF] From Chache: {"meta":{"last_updated_at":"2024-11-29T23:59:59Z"},"data":{"EUR":{"code":"EUR","value":0.0226756637},"GBP":{"code":"GBP","value":0.0188372028},"USD":{"code":"USD","value":0.023993377}}
2024-11-30 19:06:03.692 +02:00 [INF] From Chache: {"meta":{"last_updated_at":"2024-11-29T23:59:59Z"},"data":{"EUR":{"code":"EUR","value":0.0226756637},"GBP":{"code":"GBP","value":0.0188372028},"USD":{"code":"USD","value":0.023993377}}
2024-11-30 19:06:09.699 +02:00 [INF] From Chache: {"meta":{"last_updated_at":"2024-11-29T23:59:59Z"},"data":{"EUR":{"code":"EUR","value":0.0226756637},"GBP":{"code":"GBP","value":0.0188372028},"USD":{"code":"USD","value":0.023993377}}
2024-11-30 19:06:15.713 +02:00 [INF] From Chache: {"meta":{"last_updated_at":"2024-11-29T23:59:59Z"},"data":{"EUR":{"code":"EUR","value":0.0226756637},"GBP":{"code":"GBP","value":0.0188372028},"USD":{"code":"USD","value":0.023993377}}
2024-11-30 19:06:17.204 +02:00 [INF] Starting URL availability check...
2024-11-30 19:06:17.637 +02:00 [INF] Url - https://www.google.com/ | Status code OK
2024-11-30 19:06:21.729 +02:00 [INF] From Chache: {"meta":{"last_updated_at":"2024-11-29T23:59:59Z"},"data":{"EUR":{"code":"EUR","value":0.0226756637},"GBP":{"code":"GBP","value":0.0188372028},"USD":{"code":"USD","value":0.023993377}}
2024-11-30 19:06:27.733 +02:00 [INF] From Chache: {"meta":{"last_updated_at":"2024-11-29T23:59:59Z"},"data":{"EUR":{"code":"EUR","value":0.0226756637},"GBP":{"code":"GBP","value":0.0188372028},"USD":{"code":"USD","value":0.023993377}}
2024-11-30 19:06:33.749 +02:00 [INF] From Chache: {"meta":{"last_updated_at":"2024-11-29T23:59:59Z"},"data":{"EUR":{"code":"EUR","value":0.0226756637},"GBP":{"code":"GBP","value":0.0188372028},"USD":{"code":"USD","value":0.023993377}}
2024-11-30 19:06:39.755 +02:00 [INF] From Chache: {"meta":{"last_updated_at":"2024-11-29T23:59:59Z"},"data":{"EUR":{"code":"EUR","value":0.0226756637},"GBP":{"code":"GBP","value":0.0188372028},"USD":{"code":"USD","value":0.023993377}}
2024-11-30 19:06:45.763 +02:00 [INF] From Chache: {"meta":{"last_updated_at":"2024-11-29T23:59:59Z"},"data":{"EUR":{"code":"EUR","value":0.0226756637},"GBP":{"code":"GBP","value":0.0188372028},"USD":{"code":"USD","value":0.023993377}}
2024-11-30 19:06:51.770 +02:00 [INF] From Chache: {"meta":{"last_updated_at":"2024-11-29T23:59:59Z"},"data":{"EUR":{"code":"EUR","value":0.0226756637},"GBP":{"code":"GBP","value":0.0188372028},"USD":{"code":"USD","value":0.023993377}}
2024-11-30 19:06:57.776 +02:00 [INF] From Chache: {"meta":{"last_updated_at":"2024-11-29T23:59:59Z"},"data":{"EUR":{"code":"EUR","value":0.0226756637},"GBP":{"code":"GBP","value":0.0188372028},"USD":{"code":"USD","value":0.023993377}}
2024-11-30 19:07:03.785 +02:00 [INF] From Chache: {"meta":{"last_updated_at":"2024-11-29T23:59:59Z"},"data":{"EUR":{"code":"EUR","value":0.0226756637},"GBP":{"code":"GBP","value":0.0188372028},"USD":{"code":"USD","value":0.023993377}}
2024-11-30 19:07:09.801 +02:00 [INF] From Chache: {"meta":{"last_updated_at":"2024-11-29T23:59:59Z"},"data":{"EUR":{"code":"EUR","value":0.0226756637},"GBP":{"code":"GBP","value":0.0188372028},"USD":{"code":"USD","value":0.023993377}}
2024-11-30 19:07:16.001 +02:00 [INF] Get from Api: {"meta":{"last_updated_at":"2024-11-29T23:59:59Z"},"data":{"EUR":{"code":"EUR","value":0.0226756637},"GBP":{"code":"GBP","value":0.0188372028},"USD":{"code":"USD","value":0.023993377}}
2024-11-30 19:07:17.641 +02:00 [INF] Starting URL availability check...
2024-11-30 19:07:18.070 +02:00 [INF] Url - https://www.google.com/ | Status code OK
2024-11-30 19:07:22.003 +02:00 [INF] From Chache: {"meta":{"last_updated_at":"2024-11-29T23:59:59Z"},"data":{"EUR":{"code":"EUR","value":0.0226756637},"GBP":{"code":"GBP","value":0.0188372028},"USD":{"code":"USD","value":0.023993377}}
2024-11-30 19:07:28.016 +02:00 [INF] From Chache: {"meta":{"last_updated_at":"2024-11-29T23:59:59Z"},"data":{"EUR":{"code":"EUR","value":0.0226756637},"GBP":{"code":"GBP","value":0.0188372028},"USD":{"code":"USD","value":0.023993377}}
2024-11-30 19:07:34.018 +02:00 [INF] From Chache: {"meta":{"last_updated_at":"2024-11-29T23:59:59Z"},"data":{"EUR":{"code":"EUR","value":0.0226756637},"GBP":{"code":"GBP","value":0.0188372028},"USD":{"code":"USD","value":0.023993377}}
2024-11-30 19:07:40.030 +02:00 [INF] From Chache: {"meta":{"last_updated_at":"2024-11-29T23:59:59Z"},"data":{"EUR":{"code":"EUR","value":0.0226756637},"GBP":{"code":"GBP","value":0.0188372028},"USD":{"code":"USD","value":0.023993377}}
2024-11-30 19:07:46.039 +02:00 [INF] From Chache: {"meta":{"last_updated_at":"2024-11-29T23:59:59Z"},"data":{"EUR":{"code":"EUR","value":0.0226756637},"GBP":{"code":"GBP","value":0.0188372028},"USD":{"code":"USD","value":0.023993377}}
2024-11-30 19:07:52.289 +02:00 [INF] Default Quartz.NET properties loaded from embedded resource file
2024-11-30 19:07:52.329 +02:00 [INF] Initialized Scheduler Signaller of type: Quartz.Core.SchedulerSignalerImpl
2024-11-30 19:07:52.332 +02:00 [INF] Quartz Scheduler created
2024-11-30 19:07:52.332 +02:00 [INF] RAMJobStore initialized.
2024-11-30 19:07:52.333 +02:00 [INF] Quartz Scheduler 3.13.1.0 - 'DefaultQuartzScheduler' with instanceId 'NON_CLUSTERED' initialized
2024-11-30 19:07:52.334 +02:00 [INF] Using thread pool 'Quartz.Simpl.DefaultThreadPool', size: 10
2024-11-30 19:07:52.334 +02:00 [INF] Using job store 'Quartz.Simpl.RAMJobStore', supports persistence: False, clustered: False
2024-11-30 19:07:52.337 +02:00 [INF] Scheduler DefaultQuartzScheduler_$_NON_CLUSTERED started.
2024-11-30 19:07:52.551 +02:00 [INF] Starting URL availability check...
2024-11-30 19:07:52.824 +02:00 [INF] Get from Api: 1 USD = 44,10 UAH | 1 EUR = 44,10 | 1 GBP = 44,10 UAH
2024-11-30 19:07:53.111 +02:00 [INF] Url - https://www.google.com/ | Status code OK
2024-11-30 19:08:13.675 +02:00 [INF] Default Quartz.NET properties loaded from embedded resource file
2024-11-30 19:08:13.714 +02:00 [INF] Initialized Scheduler Signaller of type: Quartz.Core.SchedulerSignalerImpl
2024-11-30 19:08:13.718 +02:00 [INF] Quartz Scheduler created
2024-11-30 19:08:13.719 +02:00 [INF] RAMJobStore initialized.
2024-11-30 19:08:13.720 +02:00 [INF] Quartz Scheduler 3.13.1.0 - 'DefaultQuartzScheduler' with instanceId 'NON_CLUSTERED' initialized
2024-11-30 19:08:13.721 +02:00 [INF] Using thread pool 'Quartz.Simpl.DefaultThreadPool', size: 10
2024-11-30 19:08:13.722 +02:00 [INF] Using job store 'Quartz.Simpl.RAMJobStore', supports persistence: False, clustered: False
2024-11-30 19:08:13.725 +02:00 [INF] Scheduler DefaultQuartzScheduler_$_NON_CLUSTERED started.
2024-11-30 19:08:13.875 +02:00 [INF] Starting URL availability check...
2024-11-30 19:08:14.149 +02:00 [INF] Get from Api: 1 USD = 41,68 UAH | 1 EUR = 44,10 | 1 GBP = 53,09 UAH
2024-11-30 19:08:14.434 +02:00 [INF] Url - https://www.google.com/ | Status code OK
2024-11-30 19:08:44.161 +02:00 [INF] From Chache: 1 USD = 41,68 UAH | 1 EUR = 44,10 | 1 GBP = 53,09 UAH
2024-11-30 19:09:14.293 +02:00 [INF] Get from Api: 1 USD = 41,68 UAH | 1 EUR = 44,10 | 1 GBP = 53,09 UAH
2024-11-30 19:09:14.478 +02:00 [INF] Starting URL availability check...
2024-11-30 19:09:14.918 +02:00 [INF] Url - https://www.google.com/ | Status code OK
2024-11-30 19:09:44.293 +02:00 [INF] From Chache: 1 USD = 41,68 UAH | 1 EUR = 44,10 | 1 GBP = 53,09 UAH
2024-11-30 19:10:14.475 +02:00 [INF] Get from Api: 1 USD = 41,68 UAH | 1 EUR = 44,10 | 1 GBP = 53,09 UAH
2024-11-30 19:10:14.932 +02:00 [INF] Starting URL availability check...
2024-11-30 19:10:15.370 +02:00 [INF] Url - https://www.google.com/ | Status code OK
2024-11-30 19:10:44.484 +02:00 [INF] From Chache: 1 USD = 41,68 UAH | 1 EUR = 44,10 | 1 GBP = 53,09 UAH
2024-11-30 19:11:14.604 +02:00 [INF] Get from Api: 1 USD = 41,68 UAH | 1 EUR = 44,10 | 1 GBP = 53,09 UAH
2024-11-30 19:11:15.371 +02:00 [INF] Starting URL availability check...
2024-11-30 19:11:15.930 +02:00 [INF] Url - https://www.google.com/ | Status code OK
2024-11-30 19:11:44.610 +02:00 [INF] From Chache: 1 USD = 41,68 UAH | 1 EUR = 44,10 | 1 GBP = 53,09 UAH
2024-11-30 19:11:54.815 +02:00 [INF] Default Quartz.NET properties loaded from embedded resource file
2024-11-30 19:11:54.857 +02:00 [INF] Initialized Scheduler Signaller of type: Quartz.Core.SchedulerSignalerImpl
2024-11-30 19:11:54.861 +02:00 [INF] Quartz Scheduler created
2024-11-30 19:11:54.862 +02:00 [INF] RAMJobStore initialized.
2024-11-30 19:11:54.863 +02:00 [INF] Quartz Scheduler 3.13.1.0 - 'DefaultQuartzScheduler' with instanceId 'NON_CLUSTERED' initialized
2024-11-30 19:11:54.864 +02:00 [INF] Using thread pool 'Quartz.Simpl.DefaultThreadPool', size: 10
2024-11-30 19:11:54.864 +02:00 [INF] Using job store 'Quartz.Simpl.RAMJobStore', supports persistence: False, clustered: False
2024-11-30 19:11:54.867 +02:00 [INF] Scheduler DefaultQuartzScheduler_$_NON_CLUSTERED started.
2024-11-30 19:11:55.021 +02:00 [INF] Starting URL availability check...
2024-11-30 19:11:55.290 +02:00 [INF] Get from Api: 1 USD = 41,68 UAH | 1 EUR = 44,10 | 1 GBP = 53,09 UAH
2024-11-30 19:11:55.716 +02:00 [INF] Url - https://www.google.com/ | Status code OK
2024-11-30 19:12:25.300 +02:00 [INF] From Chache: 1 USD = 41,68 UAH | 1 EUR = 44,10 | 1 GBP = 53,09 UAH
2024-11-30 19:12:55.515 +02:00 [INF] Get from Api: 1 USD = 41,68 UAH | 1 EUR = 44,10 | 1 GBP = 53,09 UAH
2024-11-30 19:12:55.719 +02:00 [INF] Starting URL availability check...
2024-11-30 19:12:56.162 +02:00 [INF] Url - https://www.google.com/ | Status code OK
2024-11-30 19:13:25.523 +02:00 [INF] From Chache: 1 USD = 41,68 UAH | 1 EUR = 44,10 | 1 GBP = 53,09 UAH
2024-11-30 19:13:31.219 +02:00 [INF] Default Quartz.NET properties loaded from embedded resource file
2024-11-30 19:13:31.265 +02:00 [INF] Initialized Scheduler Signaller of type: Quartz.Core.SchedulerSignalerImpl
2024-11-30 19:13:31.268 +02:00 [INF] Quartz Scheduler created
2024-11-30 19:13:31.269 +02:00 [INF] RAMJobStore initialized.
2024-11-30 19:13:31.270 +02:00 [INF] Quartz Scheduler 3.13.1.0 - 'DefaultQuartzScheduler' with instanceId 'NON_CLUSTERED' initialized
2024-11-30 19:13:31.270 +02:00 [INF] Using thread pool 'Quartz.Simpl.DefaultThreadPool', size: 10
2024-11-30 19:13:31.271 +02:00 [INF] Using job store 'Quartz.Simpl.RAMJobStore', supports persistence: False, clustered: False
2024-11-30 19:13:31.274 +02:00 [INF] Scheduler DefaultQuartzScheduler_$_NON_CLUSTERED started.
2024-11-30 19:13:31.464 +02:00 [INF] Starting URL availability check...
2024-11-30 19:13:31.712 +02:00 [INF] Get from Api: 1 USD = 41,68 UAH | 1 EUR = 44,10 | 1 GBP = 53,09 UAH
2024-11-30 19:13:32.265 +02:00 [INF] Url - https://www.google.com/ | Status code OK
2024-11-30 19:14:03.590 +02:00 [INF] Default Quartz.NET properties loaded from embedded resource file
2024-11-30 19:14:03.632 +02:00 [INF] Initialized Scheduler Signaller of type: Quartz.Core.SchedulerSignalerImpl
2024-11-30 19:14:03.636 +02:00 [INF] Quartz Scheduler created
2024-11-30 19:14:03.636 +02:00 [INF] RAMJobStore initialized.
2024-11-30 19:14:03.637 +02:00 [INF] Quartz Scheduler 3.13.1.0 - 'DefaultQuartzScheduler' with instanceId 'NON_CLUSTERED' initialized
2024-11-30 19:14:03.638 +02:00 [INF] Using thread pool 'Quartz.Simpl.DefaultThreadPool', size: 10
2024-11-30 19:14:03.639 +02:00 [INF] Using job store 'Quartz.Simpl.RAMJobStore', supports persistence: False, clustered: False
2024-11-30 19:14:03.642 +02:00 [INF] Scheduler DefaultQuartzScheduler_$_NON_CLUSTERED started.
2024-11-30 19:14:03.794 +02:00 [INF] Starting URL availability check...
2024-11-30 19:14:04.040 +02:00 [INF] Get from Api: 1 USD = 41,68 UAH | 1 EUR = 44,10 | 1 GBP = 53,09 UAH
2024-11-30 19:14:04.484 +02:00 [INF] Url - https://www.google.com/ | Status code OK
2024-11-30 19:14:34.051 +02:00 [INF] From Chache: 1 USD = 41,68 UAH | 1 EUR = 44,10 | 1 GBP = 53,09 UAH
2024-11-30 19:15:04.170 +02:00 [INF] Get from Api: 1 USD = 41,68 UAH | 1 EUR = 44,10 | 1 GBP = 53,09 UAH
2024-11-30 19:15:04.492 +02:00 [INF] Starting URL availability check...
2024-11-30 19:15:04.929 +02:00 [INF] Url - https://www.google.com/ | Status code OK
2024-11-30 19:15:20.055 +02:00 [INF] Default Quartz.NET properties loaded from embedded resource file
2024-11-30 19:15:20.096 +02:00 [INF] Initialized Scheduler Signaller of type: Quartz.Core.SchedulerSignalerImpl
2024-11-30 19:15:20.100 +02:00 [INF] Quartz Scheduler created
2024-11-30 19:15:20.101 +02:00 [INF] RAMJobStore initialized.
2024-11-30 19:15:20.101 +02:00 [INF] Quartz Scheduler 3.13.1.0 - 'DefaultQuartzScheduler' with instanceId 'NON_CLUSTERED' initialized
2024-11-30 19:15:20.102 +02:00 [INF] Using thread pool 'Quartz.Simpl.DefaultThreadPool', size: 10
2024-11-30 19:15:20.103 +02:00 [INF] Using job store 'Quartz.Simpl.RAMJobStore', supports persistence: False, clustered: False
2024-11-30 19:15:20.106 +02:00 [INF] Scheduler DefaultQuartzScheduler_$_NON_CLUSTERED started.
2024-11-30 19:15:20.261 +02:00 [INF] Starting URL availability check...
2024-11-30 19:15:20.515 +02:00 [INF] Get from Api: 1 USD = 41,68 UAH | 1 EUR = 44,10 | 1 GBP = 53,09 UAH
2024-11-30 19:15:21.057 +02:00 [INF] Url - https://www.google.com/ | Status code OK
2024-11-30 19:15:50.516 +02:00 [INF] From Chache: 1 USD = 41,68 UAH | 1 EUR = 44,10 | 1 GBP = 53,09 UAH
2024-11-30 19:16:20.642 +02:00 [INF] Get from Api: 1 USD = 41,68 UAH | 1 EUR = 44,10 | 1 GBP = 53,09 UAH
2024-11-30 19:16:21.059 +02:00 [INF] Starting URL availability check...
2024-11-30 19:16:21.482 +02:00 [INF] Url - https://www.google.com/ | Status code OK
2024-11-30 19:16:40.512 +02:00 [INF] Default Quartz.NET properties loaded from embedded resource file
2024-11-30 19:16:40.589 +02:00 [INF] Initialized Scheduler Signaller of type: Quartz.Core.SchedulerSignalerImpl
2024-11-30 19:16:40.594 +02:00 [INF] Quartz Scheduler created
2024-11-30 19:16:40.594 +02:00 [INF] RAMJobStore initialized.
2024-11-30 19:16:40.595 +02:00 [INF] Quartz Scheduler 3.13.1.0 - 'DefaultQuartzScheduler' with instanceId 'NON_CLUSTERED' initialized
2024-11-30 19:16:40.596 +02:00 [INF] Using thread pool 'Quartz.Simpl.DefaultThreadPool', size: 10
2024-11-30 19:16:40.596 +02:00 [INF] Using job store 'Quartz.Simpl.RAMJobStore', supports persistence: False, clustered: False
2024-11-30 19:16:40.600 +02:00 [INF] Scheduler DefaultQuartzScheduler_$_NON_CLUSTERED started.
2024-11-30 19:16:40.757 +02:00 [INF] Starting URL availability check...
2024-11-30 19:16:40.781 +02:00 [INF] ChatService is running.
2024-11-30 19:16:40.781 +02:00 [INF] Message sent to all clients.
2024-11-30 19:16:40.994 +02:00 [INF] Get from Api: 1 USD = 41,68 UAH | 1 EUR = 44,10 | 1 GBP = 53,09 UAH
2024-11-30 19:16:41.323 +02:00 [INF] Url - https://www.google.com/ | Status code OK
2024-11-30 19:17:11.005 +02:00 [INF] From Chache: 1 USD = 41,68 UAH | 1 EUR = 44,10 | 1 GBP = 53,09 UAH
2024-11-30 19:17:41.146 +02:00 [INF] Get from Api: 1 USD = 41,68 UAH | 1 EUR = 44,10 | 1 GBP = 53,09 UAH
2024-11-30 19:17:41.327 +02:00 [INF] Starting URL availability check...
2024-11-30 19:17:42.389 +02:00 [INF] Url - https://www.google.com/ | Status code OK
2024-11-30 19:18:11.163 +02:00 [INF] From Chache: 1 USD = 41,68 UAH | 1 EUR = 44,10 | 1 GBP = 53,09 UAH
2024-11-30 19:18:42.059 +02:00 [INF] Get from Api: 1 USD = 41,68 UAH | 1 EUR = 44,10 | 1 GBP = 53,09 UAH
2024-11-30 19:18:42.392 +02:00 [INF] Starting URL availability check...
2024-11-30 19:18:42.966 +02:00 [INF] Url - https://www.google.com/ | Status code OK
2024-11-30 19:19:12.071 +02:00 [INF] From Chache: 1 USD = 41,68 UAH | 1 EUR = 44,10 | 1 GBP = 53,09 UAH
2024-11-30 19:19:21.680 +02:00 [INF] Default Quartz.NET properties loaded from embedded resource file
2024-11-30 19:19:21.731 +02:00 [INF] Initialized Scheduler Signaller of type: Quartz.Core.SchedulerSignalerImpl
2024-11-30 19:19:21.732 +02:00 [INF] Quartz Scheduler created
2024-11-30 19:19:21.735 +02:00 [INF] RAMJobStore initialized.
2024-11-30 19:19:21.736 +02:00 [INF] Quartz Scheduler 3.13.1.0 - 'DefaultQuartzScheduler' with instanceId 'NON_CLUSTERED' initialized
2024-11-30 19:19:21.736 +02:00 [INF] Using thread pool 'Quartz.Simpl.DefaultThreadPool', size: 10
2024-11-30 19:19:21.737 +02:00 [INF] Using job store 'Quartz.Simpl.RAMJobStore', supports persistence: False, clustered: False
2024-11-30 19:19:21.741 +02:00 [INF] Scheduler DefaultQuartzScheduler_$_NON_CLUSTERED started.
2024-11-30 19:19:21.912 +02:00 [INF] Starting URL availability check...
2024-11-30 19:19:22.176 +02:00 [INF] Get from Api: 1 USD = 41,68 UAH | 1 EUR = 44,10 | 1 GBP = 53,09 UAH
2024-11-30 19:19:23.747 +02:00 [INF] Url - https://www.google.com/ | Status code OK
2024-11-30 19:19:52.654 +02:00 [INF] Default Quartz.NET properties loaded from embedded resource file
2024-11-30 19:19:52.696 +02:00 [INF] Initialized Scheduler Signaller of type: Quartz.Core.SchedulerSignalerImpl
2024-11-30 19:19:52.698 +02:00 [INF] Quartz Scheduler created
2024-11-30 19:19:52.701 +02:00 [INF] RAMJobStore initialized.
2024-11-30 19:19:52.701 +02:00 [INF] Quartz Scheduler 3.13.1.0 - 'DefaultQuartzScheduler' with instanceId 'NON_CLUSTERED' initialized
2024-11-30 19:19:52.702 +02:00 [INF] Using thread pool 'Quartz.Simpl.DefaultThreadPool', size: 10
2024-11-30 19:19:52.702 +02:00 [INF] Using job store 'Quartz.Simpl.RAMJobStore', supports persistence: False, clustered: False
2024-11-30 19:19:52.705 +02:00 [INF] Scheduler DefaultQuartzScheduler_$_NON_CLUSTERED started.
2024-11-30 19:19:52.859 +02:00 [INF] Starting URL availability check...
2024-11-30 19:19:53.104 +02:00 [INF] Get from Api: 1 USD = 41,68 UAH | 1 EUR = 44,10 | 1 GBP = 53,09 UAH
2024-11-30 19:19:53.651 +02:00 [INF] Url - https://www.google.com/ | Status code OK
2024-11-30 19:29:50.685 +02:00 [INF] Default Quartz.NET properties loaded from embedded resource file
2024-11-30 19:29:50.730 +02:00 [INF] Initialized Scheduler Signaller of type: Quartz.Core.SchedulerSignalerImpl
2024-11-30 19:29:50.730 +02:00 [INF] Quartz Scheduler created
2024-11-30 19:29:50.735 +02:00 [INF] RAMJobStore initialized.
2024-11-30 19:29:50.735 +02:00 [INF] Quartz Scheduler 3.13.1.0 - 'DefaultQuartzScheduler' with instanceId 'NON_CLUSTERED' initialized
2024-11-30 19:29:50.736 +02:00 [INF] Using thread pool 'Quartz.Simpl.DefaultThreadPool', size: 10
2024-11-30 19:29:50.737 +02:00 [INF] Using job store 'Quartz.Simpl.RAMJobStore', supports persistence: False, clustered: False
2024-11-30 19:29:50.740 +02:00 [INF] Scheduler DefaultQuartzScheduler_$_NON_CLUSTERED started.
2024-11-30 19:29:50.896 +02:00 [INF] Starting URL availability check...
2024-11-30 19:29:51.146 +02:00 [INF] Get from Api: 1 USD = 41,68 UAH | 1 EUR = 44,10 | 1 GBP = 53,09 UAH
2024-11-30 19:29:51.661 +02:00 [INF] Url - https://www.google.com/ | Status code OK
2024-11-30 19:30:21.154 +02:00 [INF] From Chache: 1 USD = 41,68 UAH | 1 EUR = 44,10 | 1 GBP = 53,09 UAH
2024-11-30 19:30:51.303 +02:00 [INF] Get from Api: 1 USD = 41,68 UAH | 1 EUR = 44,10 | 1 GBP = 53,09 UAH
2024-11-30 19:30:51.674 +02:00 [INF] Starting URL availability check...
2024-11-30 19:30:52.236 +02:00 [INF] Url - https://www.google.com/ | Status code OK
2024-11-30 19:35:40.413 +02:00 [INF] Default Quartz.NET properties loaded from embedded resource file
2024-11-30 19:35:40.454 +02:00 [INF] Initialized Scheduler Signaller of type: Quartz.Core.SchedulerSignalerImpl
2024-11-30 19:35:40.455 +02:00 [INF] Quartz Scheduler created
2024-11-30 19:35:40.458 +02:00 [INF] RAMJobStore initialized.
2024-11-30 19:35:40.459 +02:00 [INF] Quartz Scheduler 3.13.1.0 - 'DefaultQuartzScheduler' with instanceId 'NON_CLUSTERED' initialized
2024-11-30 19:35:40.459 +02:00 [INF] Using thread pool 'Quartz.Simpl.DefaultThreadPool', size: 10
2024-11-30 19:35:40.460 +02:00 [INF] Using job store 'Quartz.Simpl.RAMJobStore', supports persistence: False, clustered: False
2024-11-30 19:35:40.463 +02:00 [INF] Scheduler DefaultQuartzScheduler_$_NON_CLUSTERED started.
2024-11-30 19:35:40.620 +02:00 [INF] Starting URL availability check...
2024-11-30 19:35:40.929 +02:00 [INF] Get from Api: 1 USD = 41,68 UAH | 1 EUR = 44,10 | 1 GBP = 53,09 UAH
2024-11-30 19:35:41.227 +02:00 [INF] Url - https://www.google.com/ | Status code OK
2024-11-30 19:36:10.932 +02:00 [INF] From Chache: 1 USD = 41,68 UAH | 1 EUR = 44,10 | 1 GBP = 53,09 UAH
2024-11-30 19:36:42.470 +02:00 [INF] Default Quartz.NET properties loaded from embedded resource file
2024-11-30 19:36:42.514 +02:00 [INF] Initialized Scheduler Signaller of type: Quartz.Core.SchedulerSignalerImpl
2024-11-30 19:36:42.514 +02:00 [INF] Quartz Scheduler created
2024-11-30 19:36:42.518 +02:00 [INF] RAMJobStore initialized.
2024-11-30 19:36:42.519 +02:00 [INF] Quartz Scheduler 3.13.1.0 - 'DefaultQuartzScheduler' with instanceId 'NON_CLUSTERED' initialized
2024-11-30 19:36:42.519 +02:00 [INF] Using thread pool 'Quartz.Simpl.DefaultThreadPool', size: 10
2024-11-30 19:36:42.520 +02:00 [INF] Using job store 'Quartz.Simpl.RAMJobStore', supports persistence: False, clustered: False
2024-11-30 19:36:42.522 +02:00 [INF] Scheduler DefaultQuartzScheduler_$_NON_CLUSTERED started.
2024-11-30 19:36:42.684 +02:00 [INF] Starting URL availability check...
2024-11-30 19:36:42.904 +02:00 [INF] Get from Api: 1 USD = 41,68 UAH | 1 EUR = 44,10 | 1 GBP = 53,09 UAH
2024-11-30 19:36:43.273 +02:00 [INF] Url - https://www.google.com/ | Status code OK
2024-11-30 19:39:10.023 +02:00 [INF] Default Quartz.NET properties loaded from embedded resource file
2024-11-30 19:39:10.065 +02:00 [INF] Initialized Scheduler Signaller of type: Quartz.Core.SchedulerSignalerImpl
2024-11-30 19:39:10.067 +02:00 [INF] Quartz Scheduler created
2024-11-30 19:39:10.070 +02:00 [INF] RAMJobStore initialized.
2024-11-30 19:39:10.071 +02:00 [INF] Quartz Scheduler 3.13.1.0 - 'DefaultQuartzScheduler' with instanceId 'NON_CLUSTERED' initialized
2024-11-30 19:39:10.072 +02:00 [INF] Using thread pool 'Quartz.Simpl.DefaultThreadPool', size: 10
2024-11-30 19:39:10.072 +02:00 [INF] Using job store 'Quartz.Simpl.RAMJobStore', supports persistence: False, clustered: False
2024-11-30 19:39:10.075 +02:00 [INF] Scheduler DefaultQuartzScheduler_$_NON_CLUSTERED started.
2024-11-30 19:39:10.242 +02:00 [INF] Starting URL availability check...
2024-11-30 19:39:10.509 +02:00 [INF] Get from Api: 1 USD = 41,68 UAH | 1 EUR = 44,10 | 1 GBP = 53,09 UAH
2024-11-30 19:39:10.961 +02:00 [INF] Url - https://www.google.com/ | Status code OK
2024-11-30 19:39:40.518 +02:00 [INF] From Chache: 1 USD = 41,68 UAH | 1 EUR = 44,10 | 1 GBP = 53,09 UAH
2024-11-30 19:42:40.387 +02:00 [INF] Default Quartz.NET properties loaded from embedded resource file
2024-11-30 19:42:40.427 +02:00 [INF] Initialized Scheduler Signaller of type: Quartz.Core.SchedulerSignalerImpl
2024-11-30 19:42:40.432 +02:00 [INF] Quartz Scheduler created
2024-11-30 19:42:40.433 +02:00 [INF] RAMJobStore initialized.
2024-11-30 19:42:40.435 +02:00 [INF] Quartz Scheduler 3.13.1.0 - 'DefaultQuartzScheduler' with instanceId 'NON_CLUSTERED' initialized
2024-11-30 19:42:40.435 +02:00 [INF] Using thread pool 'Quartz.Simpl.DefaultThreadPool', size: 10
2024-11-30 19:42:40.436 +02:00 [INF] Using job store 'Quartz.Simpl.RAMJobStore', supports persistence: False, clustered: False
2024-11-30 19:42:40.439 +02:00 [INF] Scheduler DefaultQuartzScheduler_$_NON_CLUSTERED started.
2024-11-30 19:42:40.595 +02:00 [INF] Starting URL availability check...
2024-11-30 19:42:40.843 +02:00 [INF] Get from Api: 1 USD = 41,68 UAH | 1 EUR = 44,10 | 1 GBP = 53,09 UAH
2024-11-30 19:42:41.257 +02:00 [INF] Url - https://www.google.com/ | Status code OK
2024-11-30 19:42:52.595 +02:00 [INF] Default Quartz.NET properties loaded from embedded resource file
2024-11-30 19:42:52.631 +02:00 [INF] Initialized Scheduler Signaller of type: Quartz.Core.SchedulerSignalerImpl
2024-11-30 19:42:52.634 +02:00 [INF] Quartz Scheduler created
2024-11-30 19:42:52.635 +02:00 [INF] RAMJobStore initialized.
2024-11-30 19:42:52.636 +02:00 [INF] Quartz Scheduler 3.13.1.0 - 'DefaultQuartzScheduler' with instanceId 'NON_CLUSTERED' initialized
2024-11-30 19:42:52.636 +02:00 [INF] Using thread pool 'Quartz.Simpl.DefaultThreadPool', size: 10
2024-11-30 19:42:52.637 +02:00 [INF] Using job store 'Quartz.Simpl.RAMJobStore', supports persistence: False, clustered: False
2024-11-30 19:42:52.640 +02:00 [INF] Scheduler DefaultQuartzScheduler_$_NON_CLUSTERED started.
2024-11-30 19:42:52.787 +02:00 [INF] Starting URL availability check...
2024-11-30 19:42:53.048 +02:00 [INF] Get from Api: 1 USD = 41,68 UAH | 1 EUR = 44,10 | 1 GBP = 53,09 UAH
2024-11-30 19:42:53.338 +02:00 [INF] Url - https://www.google.com/ | Status code OK
2024-11-30 19:43:23.060 +02:00 [INF] From Chache: 1 USD = 41,68 UAH | 1 EUR = 44,10 | 1 GBP = 53,09 UAH
2024-11-30 19:43:53.186 +02:00 [INF] Get from Api: 1 USD = 41,68 UAH | 1 EUR = 44,10 | 1 GBP = 53,09 UAH
2024-11-30 19:43:53.339 +02:00 [INF] Starting URL availability check...
2024-11-30 19:43:53.922 +02:00 [INF] Url - https://www.google.com/ | Status code OK
2024-11-30 19:44:18.103 +02:00 [INF] Default Quartz.NET properties loaded from embedded resource file
2024-11-30 19:44:18.145 +02:00 [INF] Initialized Scheduler Signaller of type: Quartz.Core.SchedulerSignalerImpl
2024-11-30 19:44:18.148 +02:00 [INF] Quartz Scheduler created
2024-11-30 19:44:18.149 +02:00 [INF] RAMJobStore initialized.
2024-11-30 19:44:18.150 +02:00 [INF] Quartz Scheduler 3.13.1.0 - 'DefaultQuartzScheduler' with instanceId 'NON_CLUSTERED' initialized
2024-11-30 19:44:18.151 +02:00 [INF] Using thread pool 'Quartz.Simpl.DefaultThreadPool', size: 10
2024-11-30 19:44:18.151 +02:00 [INF] Using job store 'Quartz.Simpl.RAMJobStore', supports persistence: False, clustered: False
2024-11-30 19:44:18.155 +02:00 [INF] Scheduler DefaultQuartzScheduler_$_NON_CLUSTERED started.
2024-11-30 19:44:18.307 +02:00 [INF] Starting URL availability check...
2024-11-30 19:44:18.569 +02:00 [INF] Get from Api: 1 USD = 41,68 UAH | 1 EUR = 44,10 | 1 GBP = 53,09 UAH
2024-11-30 19:44:18.859 +02:00 [INF] Url - https://www.google.com/ | Status code OK
2024-11-30 19:44:48.577 +02:00 [INF] From Chache: 1 USD = 41,68 UAH | 1 EUR = 44,10 | 1 GBP = 53,09 UAH
2024-11-30 19:45:18.715 +02:00 [INF] Get from Api: 1 USD = 41,68 UAH | 1 EUR = 44,10 | 1 GBP = 53,09 UAH
2024-11-30 19:45:18.871 +02:00 [INF] Starting URL availability check...
2024-11-30 19:45:19.317 +02:00 [INF] Url - https://www.google.com/ | Status code OK
2024-11-30 19:45:27.451 +02:00 [INF] Default Quartz.NET properties loaded from embedded resource file
2024-11-30 19:45:27.486 +02:00 [INF] Initialized Scheduler Signaller of type: Quartz.Core.SchedulerSignalerImpl
2024-11-30 19:45:27.487 +02:00 [INF] Quartz Scheduler created
2024-11-30 19:45:27.490 +02:00 [INF] RAMJobStore initialized.
2024-11-30 19:45:27.491 +02:00 [INF] Quartz Scheduler 3.13.1.0 - 'DefaultQuartzScheduler' with instanceId 'NON_CLUSTERED' initialized
2024-11-30 19:45:27.491 +02:00 [INF] Using thread pool 'Quartz.Simpl.DefaultThreadPool', size: 10
2024-11-30 19:45:27.492 +02:00 [INF] Using job store 'Quartz.Simpl.RAMJobStore', supports persistence: False, clustered: False
2024-11-30 19:45:27.494 +02:00 [INF] Scheduler DefaultQuartzScheduler_$_NON_CLUSTERED started.
2024-11-30 19:45:27.649 +02:00 [INF] Starting URL availability check...
2024-11-30 19:45:27.921 +02:00 [INF] Get from Api: 1 USD = 41,68 UAH | 1 EUR = 44,10 | 1 GBP = 53,09 UAH
2024-11-30 19:45:28.316 +02:00 [INF] Url - https://www.google.com/ | Status code OK
2024-11-30 19:47:54.270 +02:00 [INF] Default Quartz.NET properties loaded from embedded resource file
2024-11-30 19:47:54.309 +02:00 [INF] Initialized Scheduler Signaller of type: Quartz.Core.SchedulerSignalerImpl
2024-11-30 19:47:54.313 +02:00 [INF] Quartz Scheduler created
2024-11-30 19:47:54.314 +02:00 [INF] RAMJobStore initialized.
2024-11-30 19:47:54.314 +02:00 [INF] Quartz Scheduler 3.13.1.0 - 'DefaultQuartzScheduler' with instanceId 'NON_CLUSTERED' initialized
2024-11-30 19:47:54.315 +02:00 [INF] Using thread pool 'Quartz.Simpl.DefaultThreadPool', size: 10
2024-11-30 19:47:54.316 +02:00 [INF] Using job store 'Quartz.Simpl.RAMJobStore', supports persistence: False, clustered: False
2024-11-30 19:47:54.319 +02:00 [INF] Scheduler DefaultQuartzScheduler_$_NON_CLUSTERED started.
2024-11-30 19:47:54.464 +02:00 [INF] Starting URL availability check...
2024-11-30 19:47:54.722 +02:00 [INF] Get from Api: 1 USD = 41,68 UAH | 1 EUR = 44,10 | 1 GBP = 53,09 UAH
2024-11-30 19:47:55.031 +02:00 [INF] Url - https://www.google.com/ | Status code OK
2024-11-30 19:48:24.737 +02:00 [INF] From Chache: 1 USD = 41,68 UAH | 1 EUR = 44,10 | 1 GBP = 53,09 UAH
2024-11-30 19:48:54.873 +02:00 [INF] Get from Api: 1 USD = 41,68 UAH | 1 EUR = 44,10 | 1 GBP = 53,09 UAH
2024-11-30 19:48:55.045 +02:00 [INF] Starting URL availability check...
2024-11-30 19:48:55.583 +02:00 [INF] Url - https://www.google.com/ | Status code OK
2024-11-30 19:49:24.882 +02:00 [INF] From Chache: 1 USD = 41,68 UAH | 1 EUR = 44,10 | 1 GBP = 53,09 UAH
2024-11-30 19:49:55.034 +02:00 [INF] Get from Api: 1 USD = 41,68 UAH | 1 EUR = 44,10 | 1 GBP = 53,09 UAH
2024-11-30 19:49:55.594 +02:00 [INF] Starting URL availability check...
2024-11-30 19:49:56.253 +02:00 [INF] Url - https://www.google.com/ | Status code OK
2024-11-30 19:50:25.043 +02:00 [INF] From Chache: 1 USD = 41,68 UAH | 1 EUR = 44,10 | 1 GBP = 53,09 UAH
2024-11-30 19:50:55.174 +02:00 [INF] Get from Api: 1 USD = 41,68 UAH | 1 EUR = 44,10 | 1 GBP = 53,09 UAH
2024-11-30 19:50:56.256 +02:00 [INF] Starting URL availability check...
2024-11-30 19:50:56.697 +02:00 [INF] Url - https://www.google.com/ | Status code OK
2024-11-30 19:51:25.189 +02:00 [INF] From Chache: 1 USD = 41,68 UAH | 1 EUR = 44,10 | 1 GBP = 53,09 UAH
2024-11-30 19:51:45.663 +02:00 [INF] Default Quartz.NET properties loaded from embedded resource file
2024-11-30 19:51:45.699 +02:00 [INF] Initialized Scheduler Signaller of type: Quartz.Core.SchedulerSignalerImpl
2024-11-30 19:51:45.702 +02:00 [INF] Quartz Scheduler created
2024-11-30 19:51:45.702 +02:00 [INF] RAMJobStore initialized.
2024-11-30 19:51:45.703 +02:00 [INF] Quartz Scheduler 3.13.1.0 - 'DefaultQuartzScheduler' with instanceId 'NON_CLUSTERED' initialized
2024-11-30 19:51:45.704 +02:00 [INF] Using thread pool 'Quartz.Simpl.DefaultThreadPool', size: 10
2024-11-30 19:51:45.704 +02:00 [INF] Using job store 'Quartz.Simpl.RAMJobStore', supports persistence: False, clustered: False
2024-11-30 19:51:45.707 +02:00 [INF] Scheduler DefaultQuartzScheduler_$_NON_CLUSTERED started.
2024-11-30 19:51:45.874 +02:00 [INF] Starting URL availability check...
2024-11-30 19:51:46.102 +02:00 [INF] Get from Api: 1 USD = 41,68 UAH | 1 EUR = 44,10 | 1 GBP = 53,09 UAH
2024-11-30 19:51:46.545 +02:00 [INF] Url - https://www.google.com/ | Status code OK
2024-11-30 19:52:16.109 +02:00 [INF] From Chache: 1 USD = 41,68 UAH | 1 EUR = 44,10 | 1 GBP = 53,09 UAH
2024-11-30 19:52:46.225 +02:00 [INF] Get from Api: 1 USD = 41,68 UAH | 1 EUR = 44,10 | 1 GBP = 53,09 UAH
2024-11-30 19:52:46.558 +02:00 [INF] Starting URL availability check...
2024-11-30 19:52:47.101 +02:00 [INF] Url - https://www.google.com/ | Status code OK
2024-11-30 19:53:16.228 +02:00 [INF] From Chache: 1 USD = 41,68 UAH | 1 EUR = 44,10 | 1 GBP = 53,09 UAH
2024-11-30 19:53:46.566 +02:00 [INF] Get from Api: 1 USD = 41,68 UAH | 1 EUR = 44,10 | 1 GBP = 53,09 UAH
2024-11-30 19:53:47.106 +02:00 [INF] Starting URL availability check...
2024-11-30 19:53:47.535 +02:00 [INF] Url - https://www.google.com/ | Status code OK
2024-11-30 19:53:56.881 +02:00 [INF] Default Quartz.NET properties loaded from embedded resource file
2024-11-30 19:53:56.917 +02:00 [INF] Initialized Scheduler Signaller of type: Quartz.Core.SchedulerSignalerImpl
2024-11-30 19:53:56.921 +02:00 [INF] Quartz Scheduler created
2024-11-30 19:53:56.922 +02:00 [INF] RAMJobStore initialized.
2024-11-30 19:53:56.922 +02:00 [INF] Quartz Scheduler 3.13.1.0 - 'DefaultQuartzScheduler' with instanceId 'NON_CLUSTERED' initialized
2024-11-30 19:53:56.923 +02:00 [INF] Using thread pool 'Quartz.Simpl.DefaultThreadPool', size: 10
2024-11-30 19:53:56.924 +02:00 [INF] Using job store 'Quartz.Simpl.RAMJobStore', supports persistence: False, clustered: False
2024-11-30 19:53:56.927 +02:00 [INF] Scheduler DefaultQuartzScheduler_$_NON_CLUSTERED started.
2024-11-30 19:53:57.084 +02:00 [INF] Starting URL availability check...
2024-11-30 19:53:57.321 +02:00 [INF] Get from Api: 1 USD = 41,68 UAH | 1 EUR = 44,10 | 1 GBP = 53,09 UAH
2024-11-30 19:53:57.773 +02:00 [INF] Url - https://www.google.com/ | Status code OK
2024-11-30 19:54:27.331 +02:00 [INF] From Chache: 1 USD = 41,68 UAH | 1 EUR = 44,10 | 1 GBP = 53,09 UAH
2024-11-30 19:54:57.472 +02:00 [INF] Get from Api: 1 USD = 41,68 UAH | 1 EUR = 44,10 | 1 GBP = 53,09 UAH
2024-11-30 19:54:57.780 +02:00 [INF] Starting URL availability check...
2024-11-30 19:54:58.245 +02:00 [INF] Url - https://www.google.com/ | Status code OK
2024-11-30 19:55:27.483 +02:00 [INF] From Chache: 1 USD = 41,68 UAH | 1 EUR = 44,10 | 1 GBP = 53,09 UAH
2024-11-30 19:55:34.363 +02:00 [INF] Default Quartz.NET properties loaded from embedded resource file
2024-11-30 19:55:34.402 +02:00 [INF] Initialized Scheduler Signaller of type: Quartz.Core.SchedulerSignalerImpl
2024-11-30 19:55:34.405 +02:00 [INF] Quartz Scheduler created
2024-11-30 19:55:34.405 +02:00 [INF] RAMJobStore initialized.
2024-11-30 19:55:34.406 +02:00 [INF] Quartz Scheduler 3.13.1.0 - 'DefaultQuartzScheduler' with instanceId 'NON_CLUSTERED' initialized
2024-11-30 19:55:34.406 +02:00 [INF] Using thread pool 'Quartz.Simpl.DefaultThreadPool', size: 10
2024-11-30 19:55:34.407 +02:00 [INF] Using job store 'Quartz.Simpl.RAMJobStore', supports persistence: False, clustered: False
2024-11-30 19:55:34.409 +02:00 [INF] Scheduler DefaultQuartzScheduler_$_NON_CLUSTERED started.
2024-11-30 19:55:34.563 +02:00 [INF] Starting URL availability check...
2024-11-30 19:55:34.831 +02:00 [INF] Get from Api: 1 USD = 41,68 UAH | 1 EUR = 44,10 | 1 GBP = 53,09 UAH
2024-11-30 19:55:35.213 +02:00 [INF] Url - https://www.google.com/ | Status code OK
2024-11-30 19:56:29.533 +02:00 [INF] Default Quartz.NET properties loaded from embedded resource file
2024-11-30 19:56:29.573 +02:00 [INF] Initialized Scheduler Signaller of type: Quartz.Core.SchedulerSignalerImpl
2024-11-30 19:56:29.574 +02:00 [INF] Quartz Scheduler created
2024-11-30 19:56:29.577 +02:00 [INF] RAMJobStore initialized.
2024-11-30 19:56:29.577 +02:00 [INF] Quartz Scheduler 3.13.1.0 - 'DefaultQuartzScheduler' with instanceId 'NON_CLUSTERED' initialized
2024-11-30 19:56:29.578 +02:00 [INF] Using thread pool 'Quartz.Simpl.DefaultThreadPool', size: 10
2024-11-30 19:56:29.578 +02:00 [INF] Using job store 'Quartz.Simpl.RAMJobStore', supports persistence: False, clustered: False
2024-11-30 19:56:29.581 +02:00 [INF] Scheduler DefaultQuartzScheduler_$_NON_CLUSTERED started.
2024-11-30 19:56:29.733 +02:00 [INF] Starting URL availability check...
2024-11-30 19:56:29.974 +02:00 [INF] Get from Api: 1 USD = 41,68 UAH | 1 EUR = 44,10 | 1 GBP = 53,09 UAH
2024-11-30 19:56:30.295 +02:00 [INF] Url - https://www.google.com/ | Status code OK
2024-11-30 19:56:59.984 +02:00 [INF] From Chache: 1 USD = 41,68 UAH | 1 EUR = 44,10 | 1 GBP = 53,09 UAH
2024-11-30 19:57:40.706 +02:00 [INF] Default Quartz.NET properties loaded from embedded resource file
2024-11-30 19:57:40.748 +02:00 [INF] Initialized Scheduler Signaller of type: Quartz.Core.SchedulerSignalerImpl
2024-11-30 19:57:40.751 +02:00 [INF] Quartz Scheduler created
2024-11-30 19:57:40.752 +02:00 [INF] RAMJobStore initialized.
2024-11-30 19:57:40.753 +02:00 [INF] Quartz Scheduler 3.13.1.0 - 'DefaultQuartzScheduler' with instanceId 'NON_CLUSTERED' initialized
2024-11-30 19:57:40.753 +02:00 [INF] Using thread pool 'Quartz.Simpl.DefaultThreadPool', size: 10
2024-11-30 19:57:40.754 +02:00 [INF] Using job store 'Quartz.Simpl.RAMJobStore', supports persistence: False, clustered: False
2024-11-30 19:57:40.756 +02:00 [INF] Scheduler DefaultQuartzScheduler_$_NON_CLUSTERED started.
2024-11-30 19:57:40.900 +02:00 [INF] Starting URL availability check...
2024-11-30 19:57:41.173 +02:00 [INF] Get from Api: 1 USD = 41,68 UAH | 1 EUR = 44,10 | 1 GBP = 53,09 UAH
2024-11-30 19:57:41.468 +02:00 [INF] Url - https://www.google.com/ | Status code OK
2024-11-30 19:58:11.188 +02:00 [INF] From Chache: 1 USD = 41,68 UAH | 1 EUR = 44,10 | 1 GBP = 53,09 UAH
2024-11-30 19:58:41.339 +02:00 [INF] Get from Api: 1 USD = 41,68 UAH | 1 EUR = 44,10 | 1 GBP = 53,09 UAH
2024-11-30 19:58:41.480 +02:00 [INF] Starting URL availability check...
2024-11-30 19:58:41.940 +02:00 [INF] Url - https://www.google.com/ | Status code OK
2024-11-30 19:58:51.677 +02:00 [INF] Default Quartz.NET properties loaded from embedded resource file
2024-11-30 19:58:51.716 +02:00 [INF] Initialized Scheduler Signaller of type: Quartz.Core.SchedulerSignalerImpl
2024-11-30 19:58:51.719 +02:00 [INF] Quartz Scheduler created
2024-11-30 19:58:51.720 +02:00 [INF] RAMJobStore initialized.
2024-11-30 19:58:51.721 +02:00 [INF] Quartz Scheduler 3.13.1.0 - 'DefaultQuartzScheduler' with instanceId 'NON_CLUSTERED' initialized
2024-11-30 19:58:51.722 +02:00 [INF] Using thread pool 'Quartz.Simpl.DefaultThreadPool', size: 10
2024-11-30 19:58:51.722 +02:00 [INF] Using job store 'Quartz.Simpl.RAMJobStore', supports persistence: False, clustered: False
2024-11-30 19:58:51.725 +02:00 [INF] Scheduler DefaultQuartzScheduler_$_NON_CLUSTERED started.
2024-11-30 19:58:51.880 +02:00 [INF] Starting URL availability check...
2024-11-30 19:58:52.199 +02:00 [INF] Get from Api: 1 USD = 41,68 UAH | 1 EUR = 44,10 | 1 GBP = 53,09 UAH
2024-11-30 19:58:52.503 +02:00 [INF] Url - https://www.google.com/ | Status code OK
2024-11-30 19:59:14.823 +02:00 [INF] Default Quartz.NET properties loaded from embedded resource file
2024-11-30 19:59:14.864 +02:00 [INF] Initialized Scheduler Signaller of type: Quartz.Core.SchedulerSignalerImpl
2024-11-30 19:59:14.867 +02:00 [INF] Quartz Scheduler created
2024-11-30 19:59:14.867 +02:00 [INF] RAMJobStore initialized.
2024-11-30 19:59:14.868 +02:00 [INF] Quartz Scheduler 3.13.1.0 - 'DefaultQuartzScheduler' with instanceId 'NON_CLUSTERED' initialized
2024-11-30 19:59:14.868 +02:00 [INF] Using thread pool 'Quartz.Simpl.DefaultThreadPool', size: 10
2024-11-30 19:59:14.869 +02:00 [INF] Using job store 'Quartz.Simpl.RAMJobStore', supports persistence: False, clustered: False
2024-11-30 19:59:14.872 +02:00 [INF] Scheduler DefaultQuartzScheduler_$_NON_CLUSTERED started.
2024-11-30 19:59:15.032 +02:00 [INF] Starting URL availability check...
2024-11-30 19:59:15.282 +02:00 [INF] Get from Api: 1 USD = 41,68 UAH | 1 EUR = 44,10 | 1 GBP = 53,09 UAH
2024-11-30 19:59:15.636 +02:00 [INF] Url - https://www.google.com/ | Status code OK
2024-11-30 19:59:45.290 +02:00 [INF] From Chache: 1 USD = 41,68 UAH | 1 EUR = 44,10 | 1 GBP = 53,09 UAH
2024-11-30 20:00:15.438 +02:00 [INF] Get from Api: 1 USD = 41,68 UAH | 1 EUR = 44,10 | 1 GBP = 53,09 UAH
2024-11-30 20:00:15.646 +02:00 [INF] Starting URL availability check...
2024-11-30 20:00:16.183 +02:00 [INF] Url - https://www.google.com/ | Status code OK
2024-11-30 20:00:45.452 +02:00 [INF] From Chache: 1 USD = 41,68 UAH | 1 EUR = 44,10 | 1 GBP = 53,09 UAH
2024-11-30 20:01:16.188 +02:00 [INF] Starting URL availability check...
2024-11-30 20:01:16.444 +02:00 [ERR] Error
2024-11-30 20:01:16.712 +02:00 [INF] Url - https://www.google.com/ | Status code OK
2024-11-30 20:01:46.546 +02:00 [ERR] Error
2024-11-30 20:05:12.367 +02:00 [INF] Default Quartz.NET properties loaded from embedded resource file
2024-11-30 20:05:12.406 +02:00 [INF] Initialized Scheduler Signaller of type: Quartz.Core.SchedulerSignalerImpl
2024-11-30 20:05:12.409 +02:00 [INF] Quartz Scheduler created
2024-11-30 20:05:12.410 +02:00 [INF] RAMJobStore initialized.
2024-11-30 20:05:12.410 +02:00 [INF] Quartz Scheduler 3.13.1.0 - 'DefaultQuartzScheduler' with instanceId 'NON_CLUSTERED' initialized
2024-11-30 20:05:12.410 +02:00 [INF] Using thread pool 'Quartz.Simpl.DefaultThreadPool', size: 10
2024-11-30 20:05:12.411 +02:00 [INF] Using job store 'Quartz.Simpl.RAMJobStore', supports persistence: False, clustered: False
2024-11-30 20:05:12.413 +02:00 [INF] Scheduler DefaultQuartzScheduler_$_NON_CLUSTERED started.
2024-11-30 20:05:12.562 +02:00 [INF] Starting URL availability check...
2024-11-30 20:05:12.859 +02:00 [ERR] Error
2024-11-30 20:05:13.126 +02:00 [INF] Url - https://www.google.com/ | Status code OK
2024-11-30 20:05:42.967 +02:00 [ERR] Error
2024-11-30 20:06:13.067 +02:00 [ERR] Error
2024-11-30 20:06:13.140 +02:00 [INF] Starting URL availability check...
2024-11-30 20:06:13.581 +02:00 [INF] Url - https://www.google.com/ | Status code OK
2024-11-30 20:06:43.174 +02:00 [ERR] Error
2024-11-30 20:06:50.427 +02:00 [INF] Default Quartz.NET properties loaded from embedded resource file
2024-11-30 20:06:50.467 +02:00 [INF] Initialized Scheduler Signaller of type: Quartz.Core.SchedulerSignalerImpl
2024-11-30 20:06:50.471 +02:00 [INF] Quartz Scheduler created
2024-11-30 20:06:50.472 +02:00 [INF] RAMJobStore initialized.
2024-11-30 20:06:50.473 +02:00 [INF] Quartz Scheduler 3.13.1.0 - 'DefaultQuartzScheduler' with instanceId 'NON_CLUSTERED' initialized
2024-11-30 20:06:50.473 +02:00 [INF] Using thread pool 'Quartz.Simpl.DefaultThreadPool', size: 10
2024-11-30 20:06:50.474 +02:00 [INF] Using job store 'Quartz.Simpl.RAMJobStore', supports persistence: False, clustered: False
2024-11-30 20:06:50.476 +02:00 [INF] Scheduler DefaultQuartzScheduler_$_NON_CLUSTERED started.
2024-11-30 20:06:50.644 +02:00 [INF] Starting URL availability check...
2024-11-30 20:06:50.944 +02:00 [ERR] Error
2024-11-30 20:06:51.237 +02:00 [INF] Url - https://www.google.com/ | Status code OK
2024-11-30 20:07:21.045 +02:00 [ERR] Error
2024-11-30 20:07:25.898 +02:00 [INF] Default Quartz.NET properties loaded from embedded resource file
2024-11-30 20:07:25.942 +02:00 [INF] Initialized Scheduler Signaller of type: Quartz.Core.SchedulerSignalerImpl
2024-11-30 20:07:25.946 +02:00 [INF] Quartz Scheduler created
2024-11-30 20:07:25.946 +02:00 [INF] RAMJobStore initialized.
2024-11-30 20:07:25.947 +02:00 [INF] Quartz Scheduler 3.13.1.0 - 'DefaultQuartzScheduler' with instanceId 'NON_CLUSTERED' initialized
2024-11-30 20:07:25.948 +02:00 [INF] Using thread pool 'Quartz.Simpl.DefaultThreadPool', size: 10
2024-11-30 20:07:25.949 +02:00 [INF] Using job store 'Quartz.Simpl.RAMJobStore', supports persistence: False, clustered: False
2024-11-30 20:07:25.952 +02:00 [INF] Scheduler DefaultQuartzScheduler_$_NON_CLUSTERED started.
2024-11-30 20:07:26.110 +02:00 [INF] Starting URL availability check...
2024-11-30 20:07:26.151 +02:00 [INF] New message added!
2024-11-30 20:07:26.380 +02:00 [ERR] Error
2024-11-30 20:07:26.798 +02:00 [INF] Url - https://www.google.com/ | Status code OK
2024-11-30 20:07:32.156 +02:00 [INF] New message added!
2024-11-30 20:07:38.162 +02:00 [INF] New message added!
2024-11-30 20:07:44.174 +02:00 [INF] New message added!
2024-11-30 20:07:50.188 +02:00 [INF] New message added!
2024-11-30 20:07:56.202 +02:00 [INF] New message added!
2024-11-30 20:07:56.480 +02:00 [ERR] Error
2024-11-30 20:08:02.219 +02:00 [INF] New message added!
2024-11-30 20:08:09.475 +02:00 [INF] Default Quartz.NET properties loaded from embedded resource file
2024-11-30 20:08:09.515 +02:00 [INF] Initialized Scheduler Signaller of type: Quartz.Core.SchedulerSignalerImpl
2024-11-30 20:08:09.519 +02:00 [INF] Quartz Scheduler created
2024-11-30 20:08:09.519 +02:00 [INF] RAMJobStore initialized.
2024-11-30 20:08:09.520 +02:00 [INF] Quartz Scheduler 3.13.1.0 - 'DefaultQuartzScheduler' with instanceId 'NON_CLUSTERED' initialized
2024-11-30 20:08:09.521 +02:00 [INF] Using thread pool 'Quartz.Simpl.DefaultThreadPool', size: 10
2024-11-30 20:08:09.521 +02:00 [INF] Using job store 'Quartz.Simpl.RAMJobStore', supports persistence: False, clustered: False
2024-11-30 20:08:09.524 +02:00 [INF] Scheduler DefaultQuartzScheduler_$_NON_CLUSTERED started.
2024-11-30 20:08:09.678 +02:00 [INF] Starting URL availability check...
2024-11-30 20:08:09.923 +02:00 [ERR] Error
2024-11-30 20:08:10.239 +02:00 [INF] Url - https://www.google.com/ | Status code OK
2024-11-30 20:08:40.039 +02:00 [ERR] Error
2024-11-30 20:09:06.970 +02:00 [INF] Default Quartz.NET properties loaded from embedded resource file
2024-11-30 20:09:07.010 +02:00 [INF] Initialized Scheduler Signaller of type: Quartz.Core.SchedulerSignalerImpl
2024-11-30 20:09:07.014 +02:00 [INF] Quartz Scheduler created
2024-11-30 20:09:07.015 +02:00 [INF] RAMJobStore initialized.
2024-11-30 20:09:07.016 +02:00 [INF] Quartz Scheduler 3.13.1.0 - 'DefaultQuartzScheduler' with instanceId 'NON_CLUSTERED' initialized
2024-11-30 20:09:07.017 +02:00 [INF] Using thread pool 'Quartz.Simpl.DefaultThreadPool', size: 10
2024-11-30 20:09:07.018 +02:00 [INF] Using job store 'Quartz.Simpl.RAMJobStore', supports persistence: False, clustered: False
2024-11-30 20:09:07.021 +02:00 [INF] Scheduler DefaultQuartzScheduler_$_NON_CLUSTERED started.
2024-11-30 20:09:07.181 +02:00 [INF] Starting URL availability check...
2024-11-30 20:09:07.457 +02:00 [ERR] Error
2024-11-30 20:09:07.735 +02:00 [INF] Url - https://www.google.com/ | Status code OK
2024-11-30 20:09:37.575 +02:00 [ERR] Error
2024-11-30 20:10:07.703 +02:00 [ERR] Error
2024-11-30 20:10:07.738 +02:00 [INF] Starting URL availability check...
2024-11-30 20:10:08.277 +02:00 [INF] Url - https://www.google.com/ | Status code OK
2024-11-30 20:10:37.810 +02:00 [ERR] Error
2024-11-30 20:11:08.022 +02:00 [ERR] Error
2024-11-30 20:11:08.286 +02:00 [INF] Starting URL availability check...
2024-11-30 20:11:08.732 +02:00 [INF] Url - https://www.google.com/ | Status code OK
2024-11-30 20:11:38.119 +02:00 [ERR] Error
2024-11-30 20:12:08.210 +02:00 [ERR] Error
2024-11-30 20:12:08.746 +02:00 [INF] Starting URL availability check...
2024-11-30 20:12:09.186 +02:00 [INF] Url - https://www.google.com/ | Status code OK
2024-11-30 20:12:33.783 +02:00 [INF] Default Quartz.NET properties loaded from embedded resource file
2024-11-30 20:12:33.823 +02:00 [INF] Initialized Scheduler Signaller of type: Quartz.Core.SchedulerSignalerImpl
2024-11-30 20:12:33.828 +02:00 [INF] Quartz Scheduler created
2024-11-30 20:12:33.829 +02:00 [INF] RAMJobStore initialized.
2024-11-30 20:12:33.829 +02:00 [INF] Quartz Scheduler 3.13.1.0 - 'DefaultQuartzScheduler' with instanceId 'NON_CLUSTERED' initialized
2024-11-30 20:12:33.830 +02:00 [INF] Using thread pool 'Quartz.Simpl.DefaultThreadPool', size: 10
2024-11-30 20:12:33.831 +02:00 [INF] Using job store 'Quartz.Simpl.RAMJobStore', supports persistence: False, clustered: False
2024-11-30 20:12:33.834 +02:00 [INF] Scheduler DefaultQuartzScheduler_$_NON_CLUSTERED started.
2024-11-30 20:12:34.014 +02:00 [INF] Starting URL availability check...
2024-11-30 20:12:34.253 +02:00 [ERR] Error
2024-11-30 20:12:34.629 +02:00 [INF] Url - https://www.google.com/ | Status code OK
2024-11-30 20:13:04.358 +02:00 [ERR] Error
2024-11-30 20:13:34.459 +02:00 [ERR] Error
2024-11-30 20:13:34.632 +02:00 [INF] Starting URL availability check...
2024-11-30 20:13:35.179 +02:00 [INF] Url - https://www.google.com/ | Status code OK
2024-11-30 20:13:52.448 +02:00 [INF] Default Quartz.NET properties loaded from embedded resource file
2024-11-30 20:13:52.490 +02:00 [INF] Initialized Scheduler Signaller of type: Quartz.Core.SchedulerSignalerImpl
2024-11-30 20:13:52.493 +02:00 [INF] Quartz Scheduler created
2024-11-30 20:13:52.493 +02:00 [INF] RAMJobStore initialized.
2024-11-30 20:13:52.494 +02:00 [INF] Quartz Scheduler 3.13.1.0 - 'DefaultQuartzScheduler' with instanceId 'NON_CLUSTERED' initialized
2024-11-30 20:13:52.495 +02:00 [INF] Using thread pool 'Quartz.Simpl.DefaultThreadPool', size: 10
2024-11-30 20:13:52.495 +02:00 [INF] Using job store 'Quartz.Simpl.RAMJobStore', supports persistence: False, clustered: False
2024-11-30 20:13:52.497 +02:00 [INF] Scheduler DefaultQuartzScheduler_$_NON_CLUSTERED started.
2024-11-30 20:13:52.643 +02:00 [INF] Starting URL availability check...
2024-11-30 20:13:52.872 +02:00 [ERR] Error
2024-11-30 20:13:53.300 +02:00 [INF] Url - https://www.google.com/ | Status code OK
2024-11-30 20:14:22.966 +02:00 [ERR] Error
2024-11-30 20:14:53.017 +02:00 [ERR] Error
2024-11-30 20:14:53.310 +02:00 [INF] Starting URL availability check...
2024-11-30 20:14:53.745 +02:00 [INF] Url - https://www.google.com/ | Status code OK
2024-11-30 20:15:14.529 +02:00 [INF] Default Quartz.NET properties loaded from embedded resource file
2024-11-30 20:15:14.572 +02:00 [INF] Initialized Scheduler Signaller of type: Quartz.Core.SchedulerSignalerImpl
2024-11-30 20:15:14.577 +02:00 [INF] Quartz Scheduler created
2024-11-30 20:15:14.578 +02:00 [INF] RAMJobStore initialized.
2024-11-30 20:15:14.578 +02:00 [INF] Quartz Scheduler 3.13.1.0 - 'DefaultQuartzScheduler' with instanceId 'NON_CLUSTERED' initialized
2024-11-30 20:15:14.579 +02:00 [INF] Using thread pool 'Quartz.Simpl.DefaultThreadPool', size: 10
2024-11-30 20:15:14.580 +02:00 [INF] Using job store 'Quartz.Simpl.RAMJobStore', supports persistence: False, clustered: False
2024-11-30 20:15:14.583 +02:00 [INF] Scheduler DefaultQuartzScheduler_$_NON_CLUSTERED started.
2024-11-30 20:15:14.739 +02:00 [INF] Starting URL availability check...
2024-11-30 20:15:15.010 +02:00 [ERR] Error
2024-11-30 20:15:15.368 +02:00 [INF] Url - https://www.google.com/ | Status code OK
2024-11-30 20:15:45.108 +02:00 [ERR] Error
2024-11-30 20:16:15.211 +02:00 [ERR] Error
2024-11-30 20:16:15.384 +02:00 [INF] Starting URL availability check...
2024-11-30 20:16:15.821 +02:00 [INF] Url - https://www.google.com/ | Status code OK
2024-11-30 20:17:04.065 +02:00 [INF] Default Quartz.NET properties loaded from embedded resource file
2024-11-30 20:17:04.102 +02:00 [INF] Initialized Scheduler Signaller of type: Quartz.Core.SchedulerSignalerImpl
2024-11-30 20:17:04.106 +02:00 [INF] Quartz Scheduler created
2024-11-30 20:17:04.107 +02:00 [INF] RAMJobStore initialized.
2024-11-30 20:17:04.108 +02:00 [INF] Quartz Scheduler 3.13.1.0 - 'DefaultQuartzScheduler' with instanceId 'NON_CLUSTERED' initialized
2024-11-30 20:17:04.108 +02:00 [INF] Using thread pool 'Quartz.Simpl.DefaultThreadPool', size: 10
2024-11-30 20:17:04.109 +02:00 [INF] Using job store 'Quartz.Simpl.RAMJobStore', supports persistence: False, clustered: False
2024-11-30 20:17:04.112 +02:00 [INF] Scheduler DefaultQuartzScheduler_$_NON_CLUSTERED started.
2024-11-30 20:17:04.259 +02:00 [INF] Starting URL availability check...
2024-11-30 20:17:04.522 +02:00 [ERR] Error
2024-11-30 20:17:04.807 +02:00 [INF] Url - https://www.google.com/ | Status code OK
2024-11-30 20:17:09.380 +02:00 [INF] New message added!
2024-11-30 20:17:34.616 +02:00 [ERR] Error
2024-11-30 20:18:04.710 +02:00 [ERR] Error
2024-11-30 20:18:04.811 +02:00 [INF] Starting URL availability check...
2024-11-30 20:18:05.245 +02:00 [INF] Url - https://www.google.com/ | Status code OK
2024-11-30 20:18:34.813 +02:00 [ERR] Error
2024-11-30 20:19:05.017 +02:00 [ERR] Error
2024-11-30 20:19:05.251 +02:00 [INF] Starting URL availability check...
2024-11-30 20:19:05.664 +02:00 [INF] Url - https://www.google.com/ | Status code OK
2024-11-30 20:19:35.127 +02:00 [ERR] Error
2024-11-30 20:28:22.899 +02:00 [INF] Default Quartz.NET properties loaded from embedded resource file
2024-11-30 20:28:22.950 +02:00 [INF] Initialized Scheduler Signaller of type: Quartz.Core.SchedulerSignalerImpl
2024-11-30 20:28:22.964 +02:00 [INF] Quartz Scheduler created
2024-11-30 20:28:22.965 +02:00 [INF] RAMJobStore initialized.
2024-11-30 20:28:22.965 +02:00 [INF] Quartz Scheduler 3.13.1.0 - 'DefaultQuartzScheduler' with instanceId 'NON_CLUSTERED' initialized
2024-11-30 20:28:22.966 +02:00 [INF] Using thread pool 'Quartz.Simpl.DefaultThreadPool', size: 10
2024-11-30 20:28:22.967 +02:00 [INF] Using job store 'Quartz.Simpl.RAMJobStore', supports persistence: False, clustered: False
2024-11-30 20:28:22.971 +02:00 [INF] Scheduler DefaultQuartzScheduler_$_NON_CLUSTERED started.
2024-11-30 20:28:23.191 +02:00 [INF] Starting URL availability check...
2024-11-30 20:28:23.589 +02:00 [INF] Get from Api: 1 USD = 41,68 UAH | 1 EUR = 44,10 | 1 GBP = 53,09 UAH
2024-11-30 20:28:23.759 +02:00 [INF] Url - https://www.google.com/ | Status code OK
2024-12-03 16:05:35.583 +02:00 [INF] Default Quartz.NET properties loaded from embedded resource file
2024-12-03 16:05:35.633 +02:00 [INF] Initialized Scheduler Signaller of type: Quartz.Core.SchedulerSignalerImpl
2024-12-03 16:05:35.634 +02:00 [INF] Quartz Scheduler created
2024-12-03 16:05:35.635 +02:00 [INF] RAMJobStore initialized.
2024-12-03 16:05:35.636 +02:00 [INF] Quartz Scheduler 3.13.1.0 - 'DefaultQuartzScheduler' with instanceId 'NON_CLUSTERED' initialized
2024-12-03 16:05:35.637 +02:00 [INF] Using thread pool 'Quartz.Simpl.DefaultThreadPool', size: 10
2024-12-03 16:05:35.637 +02:00 [INF] Using job store 'Quartz.Simpl.RAMJobStore', supports persistence: False, clustered: False
2024-12-03 16:05:35.646 +02:00 [INF] Scheduler DefaultQuartzScheduler_$_NON_CLUSTERED started.
2024-12-03 16:05:35.865 +02:00 [INF] Starting URL availability check...
2024-12-03 16:05:36.191 +02:00 [INF] Get from Api: 1 USD = 41,73 UAH | 1 EUR = 43,82 | 1 GBP = 52,81 UAH
2024-12-03 16:05:36.325 +02:00 [INF] Url - https://www.google.com/ | Status code OK
2024-12-03 16:06:06.206 +02:00 [INF] From Chache: 1 USD = 41,73 UAH | 1 EUR = 43,82 | 1 GBP = 52,81 UAH
2024-12-03 16:07:56.943 +02:00 [INF] Default Quartz.NET properties loaded from embedded resource file
2024-12-03 16:07:56.987 +02:00 [INF] Initialized Scheduler Signaller of type: Quartz.Core.SchedulerSignalerImpl
2024-12-03 16:07:56.990 +02:00 [INF] Quartz Scheduler created
2024-12-03 16:07:56.991 +02:00 [INF] RAMJobStore initialized.
2024-12-03 16:07:56.992 +02:00 [INF] Quartz Scheduler 3.13.1.0 - 'DefaultQuartzScheduler' with instanceId 'NON_CLUSTERED' initialized
2024-12-03 16:07:56.993 +02:00 [INF] Using thread pool 'Quartz.Simpl.DefaultThreadPool', size: 10
2024-12-03 16:07:56.993 +02:00 [INF] Using job store 'Quartz.Simpl.RAMJobStore', supports persistence: False, clustered: False
2024-12-03 16:07:56.996 +02:00 [INF] Scheduler DefaultQuartzScheduler_$_NON_CLUSTERED started.
2024-12-03 16:07:57.222 +02:00 [INF] Starting URL availability check...
2024-12-03 16:07:57.541 +02:00 [INF] Get from Api: 1 USD = 41,73 UAH | 1 EUR = 43,82 | 1 GBP = 52,81 UAH
2024-12-03 16:07:57.759 +02:00 [INF] Url - https://www.google.com/ | Status code OK
2024-12-03 16:16:24.285 +02:00 [INF] Default Quartz.NET properties loaded from embedded resource file
2024-12-03 16:16:24.334 +02:00 [INF] Initialized Scheduler Signaller of type: Quartz.Core.SchedulerSignalerImpl
2024-12-03 16:16:24.335 +02:00 [INF] Quartz Scheduler created
2024-12-03 16:16:24.339 +02:00 [INF] RAMJobStore initialized.
2024-12-03 16:16:24.340 +02:00 [INF] Quartz Scheduler 3.13.1.0 - 'DefaultQuartzScheduler' with instanceId 'NON_CLUSTERED' initialized
2024-12-03 16:16:24.340 +02:00 [INF] Using thread pool 'Quartz.Simpl.DefaultThreadPool', size: 10
2024-12-03 16:16:24.341 +02:00 [INF] Using job store 'Quartz.Simpl.RAMJobStore', supports persistence: False, clustered: False
2024-12-03 16:16:24.343 +02:00 [INF] Scheduler DefaultQuartzScheduler_$_NON_CLUSTERED started.
2024-12-03 16:16:24.515 +02:00 [INF] Starting URL availability check...
2024-12-03 16:16:24.798 +02:00 [INF] Get from Api: 1 USD = 41,73 UAH | 1 EUR = 43,82 | 1 GBP = 52,81 UAH
2024-12-03 16:16:25.057 +02:00 [INF] Url - https://www.google.com/ | Status code OK
2024-12-03 16:16:54.810 +02:00 [INF] From Chache: 1 USD = 41,73 UAH | 1 EUR = 43,82 | 1 GBP = 52,81 UAH
2024-12-03 16:17:03.211 +02:00 [INF] New message added!
2024-12-03 16:17:03.818 +02:00 [INF] New message added!
2024-12-03 16:17:03.957 +02:00 [INF] New message added!
2024-12-03 16:17:04.095 +02:00 [INF] New message added!
2024-12-03 16:17:04.227 +02:00 [INF] New message added!
2024-12-03 16:17:25.066 +02:00 [INF] Starting URL availability check...
2024-12-03 16:17:25.314 +02:00 [INF] Get from Api: 1 USD = 41,73 UAH | 1 EUR = 43,82 | 1 GBP = 52,81 UAH
2024-12-03 16:17:26.045 +02:00 [INF] Url - https://www.google.com/ | Status code OK
2024-12-03 16:17:55.315 +02:00 [INF] From Chache: 1 USD = 41,73 UAH | 1 EUR = 43,82 | 1 GBP = 52,81 UAH
2024-12-03 16:18:10.259 +02:00 [INF] Default Quartz.NET properties loaded from embedded resource file
2024-12-03 16:18:10.301 +02:00 [INF] Initialized Scheduler Signaller of type: Quartz.Core.SchedulerSignalerImpl
2024-12-03 16:18:10.305 +02:00 [INF] Quartz Scheduler created
2024-12-03 16:18:10.306 +02:00 [INF] RAMJobStore initialized.
2024-12-03 16:18:10.307 +02:00 [INF] Quartz Scheduler 3.13.1.0 - 'DefaultQuartzScheduler' with instanceId 'NON_CLUSTERED' initialized
2024-12-03 16:18:10.307 +02:00 [INF] Using thread pool 'Quartz.Simpl.DefaultThreadPool', size: 10
2024-12-03 16:18:10.308 +02:00 [INF] Using job store 'Quartz.Simpl.RAMJobStore', supports persistence: False, clustered: False
2024-12-03 16:18:10.311 +02:00 [INF] Scheduler DefaultQuartzScheduler_$_NON_CLUSTERED started.
2024-12-03 16:18:10.470 +02:00 [INF] Starting URL availability check...
2024-12-03 16:18:10.738 +02:00 [INF] Get from Api: 1 USD = 41,73 UAH | 1 EUR = 43,82 | 1 GBP = 52,81 UAH
2024-12-03 16:18:10.996 +02:00 [INF] Url - https://www.google.com/ | Status code OK
2024-12-03 16:18:15.528 +02:00 [INF] Default Quartz.NET properties loaded from embedded resource file
2024-12-03 16:18:40.750 +02:00 [INF] From Chache: 1 USD = 41,73 UAH | 1 EUR = 43,82 | 1 GBP = 52,81 UAH
2024-12-06 17:29:51.256 +02:00 [INF] Default Quartz.NET properties loaded from embedded resource file
2024-12-06 17:29:51.303 +02:00 [INF] Initialized Scheduler Signaller of type: Quartz.Core.SchedulerSignalerImpl
2024-12-06 17:29:51.304 +02:00 [INF] Quartz Scheduler created
2024-12-06 17:29:51.310 +02:00 [INF] RAMJobStore initialized.
2024-12-06 17:29:51.310 +02:00 [INF] Quartz Scheduler 3.13.1.0 - 'DefaultQuartzScheduler' with instanceId 'NON_CLUSTERED' initialized
2024-12-06 17:29:51.311 +02:00 [INF] Using thread pool 'Quartz.Simpl.DefaultThreadPool', size: 10
2024-12-06 17:29:51.311 +02:00 [INF] Using job store 'Quartz.Simpl.RAMJobStore', supports persistence: False, clustered: False
2024-12-06 17:29:51.315 +02:00 [INF] Scheduler DefaultQuartzScheduler_$_NON_CLUSTERED started.
2024-12-06 17:29:51.470 +02:00 [INF] Starting URL availability check...
2024-12-06 17:29:51.819 +02:00 [INF] Get from Api: 1 USD = 41,79 UAH | 1 EUR = 44,23 | 1 GBP = 53,31 UAH
2024-12-06 17:29:52.038 +02:00 [INF] Url - https://www.google.com/ | Status code OK
2024-12-06 17:30:21.822 +02:00 [INF] From Chache: 1 USD = 41,79 UAH | 1 EUR = 44,23 | 1 GBP = 53,31 UAH
2024-12-06 17:30:22.488 +02:00 [INF] Default Quartz.NET properties loaded from embedded resource file
2024-12-06 17:30:51.937 +02:00 [INF] Get from Api: 1 USD = 41,79 UAH | 1 EUR = 44,23 | 1 GBP = 53,31 UAH
2024-12-06 17:30:52.050 +02:00 [INF] Starting URL availability check...
2024-12-06 17:30:52.420 +02:00 [INF] Url - https://www.google.com/ | Status code OK
2024-12-06 17:31:21.936 +02:00 [INF] From Chache: 1 USD = 41,79 UAH | 1 EUR = 44,23 | 1 GBP = 53,31 UAH
2024-12-06 17:31:51.936 +02:00 [INF] From Chache: 1 USD = 41,79 UAH | 1 EUR = 44,23 | 1 GBP = 53,31 UAH
2024-12-06 17:31:52.425 +02:00 [INF] Starting URL availability check...
2024-12-06 17:31:52.788 +02:00 [INF] Url - https://www.google.com/ | Status code OK
2024-12-06 17:32:22.157 +02:00 [INF] Get from Api: 1 USD = 41,79 UAH | 1 EUR = 44,23 | 1 GBP = 53,31 UAH
2024-12-06 17:32:52.164 +02:00 [INF] From Chache: 1 USD = 41,79 UAH | 1 EUR = 44,23 | 1 GBP = 53,31 UAH
2024-12-06 17:32:52.787 +02:00 [INF] Starting URL availability check...
2024-12-06 17:32:53.204 +02:00 [INF] Url - https://www.google.com/ | Status code OK
2024-12-06 17:33:22.301 +02:00 [INF] Get from Api: 1 USD = 41,79 UAH | 1 EUR = 44,23 | 1 GBP = 53,31 UAH
2024-12-06 17:33:41.458 +02:00 [INF] New message added!
2024-12-06 17:33:52.316 +02:00 [INF] From Chache: 1 USD = 41,79 UAH | 1 EUR = 44,23 | 1 GBP = 53,31 UAH
2024-12-06 17:33:53.204 +02:00 [INF] Starting URL availability check...
2024-12-06 17:33:53.407 +02:00 [INF] New message added!
2024-12-06 17:33:53.648 +02:00 [INF] Url - https://www.google.com/ | Status code OK
2024-12-06 17:34:22.519 +02:00 [INF] Get from Api: 1 USD = 41,79 UAH | 1 EUR = 44,23 | 1 GBP = 53,31 UAH
2024-12-06 17:34:52.528 +02:00 [INF] From Chache: 1 USD = 41,79 UAH | 1 EUR = 44,23 | 1 GBP = 53,31 UAH
2024-12-06 17:34:53.648 +02:00 [INF] Starting URL availability check...
2024-12-06 17:34:53.995 +02:00 [INF] Url - https://www.google.com/ | Status code OK
2024-12-06 17:35:22.768 +02:00 [INF] Get from Api: 1 USD = 41,79 UAH | 1 EUR = 44,23 | 1 GBP = 53,31 UAH
2024-12-06 17:35:52.781 +02:00 [INF] From Chache: 1 USD = 41,79 UAH | 1 EUR = 44,23 | 1 GBP = 53,31 UAH
2024-12-06 17:35:53.995 +02:00 [INF] Starting URL availability check...
2024-12-06 17:35:54.340 +02:00 [INF] Url - https://www.google.com/ | Status code OK
2024-12-06 17:36:22.953 +02:00 [INF] Get from Api: 1 USD = 41,79 UAH | 1 EUR = 44,23 | 1 GBP = 53,31 UAH
2024-12-06 17:36:52.959 +02:00 [INF] From Chache: 1 USD = 41,79 UAH | 1 EUR = 44,23 | 1 GBP = 53,31 UAH
2024-12-06 17:36:54.352 +02:00 [INF] Starting URL availability check...
2024-12-06 17:36:54.700 +02:00 [INF] Url - https://www.google.com/ | Status code OK
2024-12-06 17:37:23.068 +02:00 [INF] Get from Api: 1 USD = 41,79 UAH | 1 EUR = 44,23 | 1 GBP = 53,31 UAH
2024-12-06 17:37:53.081 +02:00 [INF] From Chache: 1 USD = 41,79 UAH | 1 EUR = 44,23 | 1 GBP = 53,31 UAH
2024-12-06 17:37:54.709 +02:00 [INF] Starting URL availability check...
2024-12-06 17:37:55.148 +02:00 [INF] Url - https://www.google.com/ | Status code OK
2024-12-06 17:38:23.238 +02:00 [INF] Get from Api: 1 USD = 41,79 UAH | 1 EUR = 44,23 | 1 GBP = 53,31 UAH
2024-12-06 17:38:53.250 +02:00 [INF] From Chache: 1 USD = 41,79 UAH | 1 EUR = 44,23 | 1 GBP = 53,31 UAH
2024-12-06 17:38:55.148 +02:00 [INF] Starting URL availability check...
2024-12-06 17:38:55.491 +02:00 [INF] Url - https://www.google.com/ | Status code OK
2024-12-06 17:39:23.393 +02:00 [INF] Get from Api: 1 USD = 41,79 UAH | 1 EUR = 44,23 | 1 GBP = 53,31 UAH
2024-12-06 17:39:53.402 +02:00 [INF] From Chache: 1 USD = 41,79 UAH | 1 EUR = 44,23 | 1 GBP = 53,31 UAH
2024-12-06 17:39:55.495 +02:00 [INF] Starting URL availability check...
2024-12-06 17:39:55.834 +02:00 [INF] Url - https://www.google.com/ | Status code OK
2024-12-06 17:40:23.555 +02:00 [INF] Get from Api: 1 USD = 41,79 UAH | 1 EUR = 44,23 | 1 GBP = 53,31 UAH
2024-12-06 17:40:53.567 +02:00 [INF] From Chache: 1 USD = 41,79 UAH | 1 EUR = 44,23 | 1 GBP = 53,31 UAH
2024-12-06 17:40:55.834 +02:00 [INF] Starting URL availability check...
2024-12-06 17:40:56.175 +02:00 [INF] Url - https://www.google.com/ | Status code OK
2024-12-06 17:41:23.672 +02:00 [INF] Get from Api: 1 USD = 41,79 UAH | 1 EUR = 44,23 | 1 GBP = 53,31 UAH
2024-12-06 17:41:53.684 +02:00 [INF] From Chache: 1 USD = 41,79 UAH | 1 EUR = 44,23 | 1 GBP = 53,31 UAH
2024-12-06 17:41:56.178 +02:00 [INF] Starting URL availability check...
2024-12-06 17:41:56.523 +02:00 [INF] Url - https://www.google.com/ | Status code OK
2024-12-06 17:42:23.987 +02:00 [INF] Get from Api: 1 USD = 41,79 UAH | 1 EUR = 44,23 | 1 GBP = 53,31 UAH
2024-12-06 17:42:53.991 +02:00 [INF] From Chache: 1 USD = 41,79 UAH | 1 EUR = 44,23 | 1 GBP = 53,31 UAH
2024-12-06 17:42:56.530 +02:00 [INF] Starting URL availability check...
2024-12-06 17:42:56.873 +02:00 [INF] Url - https://www.google.com/ | Status code OK
2024-12-06 17:43:24.142 +02:00 [INF] Get from Api: 1 USD = 41,79 UAH | 1 EUR = 44,23 | 1 GBP = 53,31 UAH
2024-12-06 17:43:54.143 +02:00 [INF] From Chache: 1 USD = 41,79 UAH | 1 EUR = 44,23 | 1 GBP = 53,31 UAH
2024-12-06 17:43:56.886 +02:00 [INF] Starting URL availability check...
2024-12-06 17:43:57.300 +02:00 [INF] Url - https://www.google.com/ | Status code OK
2024-12-06 17:44:24.313 +02:00 [INF] Get from Api: 1 USD = 41,79 UAH | 1 EUR = 44,23 | 1 GBP = 53,31 UAH
2024-12-06 17:44:54.319 +02:00 [INF] From Chache: 1 USD = 41,79 UAH | 1 EUR = 44,23 | 1 GBP = 53,31 UAH
2024-12-06 17:44:57.305 +02:00 [INF] Starting URL availability check...
2024-12-06 17:44:57.705 +02:00 [INF] Url - https://www.google.com/ | Status code OK
2024-12-06 17:45:24.418 +02:00 [INF] Get from Api: 1 USD = 41,79 UAH | 1 EUR = 44,23 | 1 GBP = 53,31 UAH
2024-12-06 17:45:54.428 +02:00 [INF] From Chache: 1 USD = 41,79 UAH | 1 EUR = 44,23 | 1 GBP = 53,31 UAH
2024-12-06 17:45:57.711 +02:00 [INF] Starting URL availability check...
2024-12-06 17:45:58.046 +02:00 [INF] Url - https://www.google.com/ | Status code OK
2024-12-06 17:46:24.628 +02:00 [INF] Get from Api: 1 USD = 41,79 UAH | 1 EUR = 44,23 | 1 GBP = 53,31 UAH
2024-12-06 17:46:54.633 +02:00 [INF] From Chache: 1 USD = 41,79 UAH | 1 EUR = 44,23 | 1 GBP = 53,31 UAH
2024-12-06 17:46:58.050 +02:00 [INF] Starting URL availability check...
2024-12-06 17:46:58.567 +02:00 [INF] Url - https://www.google.com/ | Status code OK
2024-12-06 17:47:24.808 +02:00 [INF] Get from Api: 1 USD = 41,79 UAH | 1 EUR = 44,23 | 1 GBP = 53,31 UAH
2024-12-06 17:47:54.822 +02:00 [INF] From Chache: 1 USD = 41,79 UAH | 1 EUR = 44,23 | 1 GBP = 53,31 UAH
2024-12-06 17:47:58.576 +02:00 [INF] Starting URL availability check...
2024-12-06 17:47:58.922 +02:00 [INF] Url - https://www.google.com/ | Status code OK
2024-12-06 17:48:25.061 +02:00 [INF] Get from Api: 1 USD = 41,79 UAH | 1 EUR = 44,23 | 1 GBP = 53,31 UAH
2024-12-06 17:48:55.069 +02:00 [INF] From Chache: 1 USD = 41,79 UAH | 1 EUR = 44,23 | 1 GBP = 53,31 UAH
2024-12-06 17:48:58.924 +02:00 [INF] Starting URL availability check...
2024-12-06 17:48:59.547 +02:00 [INF] Url - https://www.google.com/ | Status code OK
2025-01-28 02:49:33.085 +02:00 [INF] Default Quartz.NET properties loaded from embedded resource file
2025-01-28 02:49:33.148 +02:00 [INF] Initialized Scheduler Signaller of type: Quartz.Core.SchedulerSignalerImpl
2025-01-28 02:49:33.150 +02:00 [INF] Quartz Scheduler created
2025-01-28 02:49:33.155 +02:00 [INF] RAMJobStore initialized.
2025-01-28 02:49:33.157 +02:00 [INF] Quartz Scheduler 3.13.1.0 - 'DefaultQuartzScheduler' with instanceId 'NON_CLUSTERED' initialized
2025-01-28 02:49:33.158 +02:00 [INF] Using thread pool 'Quartz.Simpl.DefaultThreadPool', size: 10
2025-01-28 02:49:33.158 +02:00 [INF] Using job store 'Quartz.Simpl.RAMJobStore', supports persistence: False, clustered: False
2025-01-28 02:49:33.162 +02:00 [INF] Scheduler DefaultQuartzScheduler_$_NON_CLUSTERED started.
2025-01-28 02:49:33.543 +02:00 [INF] Starting URL availability check...
2025-01-28 02:49:33.944 +02:00 [INF] Url - https://www.google.com/ | Status code OK
2025-01-28 02:49:34.066 +02:00 [INF] Get from Api: 1 USD = 42,17 UAH | 1 EUR = 44,06 | 1 GBP = 52,55 UAH
2025-01-28 02:50:04.069 +02:00 [INF] From Chache: 1 USD = 42,17 UAH | 1 EUR = 44,06 | 1 GBP = 52,55 UAH
2025-01-28 02:50:33.954 +02:00 [INF] Starting URL availability check...
2025-01-28 02:50:34.086 +02:00 [INF] Url - https://www.google.com/ | Status code OK
2025-01-28 02:50:34.215 +02:00 [INF] Get from Api: 1 USD = 42,17 UAH | 1 EUR = 44,06 | 1 GBP = 52,55 UAH
2025-01-28 02:50:39.058 +02:00 [INF] Url - https://sinoptik.ua/%D0%BF%D0%BE%D0%B3%D0%BE%D0%B4%D0%B0-%D0%BD%D0%B8%D0%BA%D0%BE%D0%BB%D0%B0%D0%B5%D0%B2 | Status code OK
2025-01-28 02:50:40.605 +02:00 [INF] Url - https://sinoptik.ua/%D0%BF%D0%BE%D0%B3%D0%BE%D0%B4%D0%B0-%D0%BD%D0%B8%D0%BA%D0%BE%D0%BB%D0%B0%D0%B5%D0%B2 | Status code OK
2025-01-28 02:51:04.222 +02:00 [INF] From Chache: 1 USD = 42,17 UAH | 1 EUR = 44,06 | 1 GBP = 52,55 UAH
2025-01-28 02:51:34.098 +02:00 [INF] Starting URL availability check...
2025-01-28 02:51:34.217 +02:00 [INF] Url - https://www.google.com/ | Status code OK
2025-01-28 02:51:34.438 +02:00 [INF] Get from Api: 1 USD = 42,17 UAH | 1 EUR = 44,06 | 1 GBP = 52,55 UAH
2025-01-28 02:51:47.369 +02:00 [INF] Url -  https://api.privatbank.ua/p24api/pubinfo?exchange&coursid=5 | Status code OK
2025-01-28 02:52:04.447 +02:00 [INF] From Chache: 1 USD = 42,17 UAH | 1 EUR = 44,06 | 1 GBP = 52,55 UAH
2025-01-28 02:52:15.074 +02:00 [INF] Default Quartz.NET properties loaded from embedded resource file
2025-01-28 02:52:34.234 +02:00 [INF] Starting URL availability check...
2025-01-28 02:52:34.348 +02:00 [INF] Url - https://www.google.com/ | Status code OK
2025-01-28 02:52:34.584 +02:00 [INF] Get from Api: 1 USD = 42,17 UAH | 1 EUR = 44,06 | 1 GBP = 52,55 UAH
2025-01-28 02:53:04.593 +02:00 [INF] From Chache: 1 USD = 42,17 UAH | 1 EUR = 44,06 | 1 GBP = 52,55 UAH
2025-01-28 02:53:34.350 +02:00 [INF] Starting URL availability check...
2025-01-28 02:53:34.463 +02:00 [INF] Url - https://www.google.com/ | Status code OK
2025-01-28 02:53:34.796 +02:00 [INF] Get from Api: 1 USD = 42,17 UAH | 1 EUR = 44,06 | 1 GBP = 52,55 UAH
2025-01-28 02:54:04.801 +02:00 [INF] From Chache: 1 USD = 42,17 UAH | 1 EUR = 44,06 | 1 GBP = 52,55 UAH
2025-01-28 02:54:34.474 +02:00 [INF] Starting URL availability check...
2025-01-28 02:54:34.594 +02:00 [INF] Url - https://www.google.com/ | Status code OK
2025-01-28 02:54:34.958 +02:00 [INF] Get from Api: 1 USD = 42,17 UAH | 1 EUR = 44,06 | 1 GBP = 52,55 UAH
2025-01-28 02:55:04.972 +02:00 [INF] From Chache: 1 USD = 42,17 UAH | 1 EUR = 44,06 | 1 GBP = 52,55 UAH
2025-01-28 02:55:34.603 +02:00 [INF] Starting URL availability check...
2025-01-28 02:55:34.720 +02:00 [INF] Url - https://www.google.com/ | Status code OK
2025-01-28 02:55:35.166 +02:00 [INF] Get from Api: 1 USD = 42,17 UAH | 1 EUR = 44,06 | 1 GBP = 52,55 UAH
2025-01-28 02:58:00.044 +02:00 [INF] Default Quartz.NET properties loaded from embedded resource file
2025-01-28 02:58:00.111 +02:00 [INF] Initialized Scheduler Signaller of type: Quartz.Core.SchedulerSignalerImpl
2025-01-28 02:58:00.117 +02:00 [INF] Quartz Scheduler created
2025-01-28 02:58:00.118 +02:00 [INF] RAMJobStore initialized.
2025-01-28 02:58:00.120 +02:00 [INF] Quartz Scheduler 3.13.1.0 - 'DefaultQuartzScheduler' with instanceId 'NON_CLUSTERED' initialized
2025-01-28 02:58:00.121 +02:00 [INF] Using thread pool 'Quartz.Simpl.DefaultThreadPool', size: 10
2025-01-28 02:58:00.121 +02:00 [INF] Using job store 'Quartz.Simpl.RAMJobStore', supports persistence: False, clustered: False
2025-01-28 02:58:00.126 +02:00 [INF] Scheduler DefaultQuartzScheduler_$_NON_CLUSTERED started.
2025-01-28 02:58:00.436 +02:00 [INF] Starting URL availability check...
2025-01-28 02:58:00.819 +02:00 [INF] Url - https://www.google.com/ | Status code OK
2025-01-28 02:58:00.841 +02:00 [INF] Get from Api: 1 USD = 42,17 UAH | 1 EUR = 44,06 | 1 GBP = 52,55 UAH
2025-01-28 02:58:26.518 +02:00 [INF] Default Quartz.NET properties loaded from embedded resource file
2025-01-28 02:58:30.851 +02:00 [INF] From Chache: 1 USD = 42,17 UAH | 1 EUR = 44,06 | 1 GBP = 52,55 UAH
2025-01-28 02:59:00.823 +02:00 [INF] Starting URL availability check...
2025-01-28 02:59:00.944 +02:00 [INF] Url - https://www.google.com/ | Status code OK
2025-01-28 02:59:01.020 +02:00 [INF] Get from Api: 1 USD = 42,17 UAH | 1 EUR = 44,06 | 1 GBP = 52,55 UAH
2025-01-28 02:59:31.026 +02:00 [INF] From Chache: 1 USD = 42,17 UAH | 1 EUR = 44,06 | 1 GBP = 52,55 UAH
2025-01-28 03:00:00.955 +02:00 [INF] Starting URL availability check...
2025-01-28 03:00:01.080 +02:00 [INF] Url - https://www.google.com/ | Status code OK
2025-01-28 03:00:01.257 +02:00 [INF] Get from Api: 1 USD = 42,17 UAH | 1 EUR = 44,06 | 1 GBP = 52,55 UAH
2025-01-28 03:00:12.445 +02:00 [INF] New message added!
2025-01-28 03:00:17.354 +02:00 [INF] New message added!
2025-01-28 03:00:31.271 +02:00 [INF] From Chache: 1 USD = 42,17 UAH | 1 EUR = 44,06 | 1 GBP = 52,55 UAH
2025-01-28 03:01:01.092 +02:00 [INF] Starting URL availability check...
2025-01-28 03:01:01.211 +02:00 [INF] Url - https://www.google.com/ | Status code OK
2025-01-28 03:01:01.387 +02:00 [INF] Get from Api: 1 USD = 42,17 UAH | 1 EUR = 44,06 | 1 GBP = 52,55 UAH
2025-01-28 03:01:02.994 +02:00 [INF] New message added!
2025-01-28 03:01:04.337 +02:00 [INF] New message added!
2025-01-28 03:01:31.399 +02:00 [INF] From Chache: 1 USD = 42,17 UAH | 1 EUR = 44,06 | 1 GBP = 52,55 UAH
2025-01-28 03:02:01.225 +02:00 [INF] Starting URL availability check...
2025-01-28 03:02:01.334 +02:00 [INF] Url - https://www.google.com/ | Status code OK
2025-01-28 03:02:01.577 +02:00 [INF] Get from Api: 1 USD = 42,17 UAH | 1 EUR = 44,06 | 1 GBP = 52,55 UAH
2025-01-28 03:02:31.587 +02:00 [INF] From Chache: 1 USD = 42,17 UAH | 1 EUR = 44,06 | 1 GBP = 52,55 UAH
2025-01-28 03:03:01.341 +02:00 [INF] Starting URL availability check...
2025-01-28 03:03:01.453 +02:00 [INF] Url - https://www.google.com/ | Status code OK
2025-01-28 03:03:01.710 +02:00 [INF] Get from Api: 1 USD = 42,17 UAH | 1 EUR = 44,06 | 1 GBP = 52,55 UAH
2025-01-28 03:03:31.720 +02:00 [INF] From Chache: 1 USD = 42,17 UAH | 1 EUR = 44,06 | 1 GBP = 52,55 UAH
2025-01-28 03:04:01.467 +02:00 [INF] Starting URL availability check...
2025-01-28 03:04:01.586 +02:00 [INF] Url - https://www.google.com/ | Status code OK
2025-01-28 03:04:01.905 +02:00 [INF] Get from Api: 1 USD = 42,17 UAH | 1 EUR = 44,06 | 1 GBP = 52,55 UAH
2025-01-28 03:04:31.905 +02:00 [INF] From Chache: 1 USD = 42,17 UAH | 1 EUR = 44,06 | 1 GBP = 52,55 UAH
2025-01-28 03:05:01.592 +02:00 [INF] Starting URL availability check...
2025-01-28 03:05:01.705 +02:00 [INF] Url - https://www.google.com/ | Status code OK
2025-01-28 03:05:02.063 +02:00 [INF] Get from Api: 1 USD = 42,17 UAH | 1 EUR = 44,06 | 1 GBP = 52,55 UAH
2025-01-28 03:05:32.076 +02:00 [INF] From Chache: 1 USD = 42,17 UAH | 1 EUR = 44,06 | 1 GBP = 52,55 UAH
2025-01-28 03:06:01.719 +02:00 [INF] Starting URL availability check...
2025-01-28 03:06:01.829 +02:00 [INF] Url - https://www.google.com/ | Status code OK
2025-01-28 03:06:02.243 +02:00 [INF] Get from Api: 1 USD = 42,17 UAH | 1 EUR = 44,06 | 1 GBP = 52,55 UAH
